{"F:\\VS Code project\\REACT\\experiments\\react-ui-kit\\src\\App.tsx": {"path":"F:\\VS Code project\\REACT\\experiments\\react-ui-kit\\src\\App.tsx","statementMap":{"0":{"start":{"line":12,"column":76},"end":{"line":37,"column":1}},"1":{"start":{"line":39,"column":38},"end":{"line":71,"column":1}},"2":{"start":{"line":74,"column":32},"end":{"line":74,"column":47}},"3":{"start":{"line":75,"column":26},"end":{"line":75,"column":55}},"4":{"start":{"line":76,"column":42},"end":{"line":76,"column":66}},"5":{"start":{"line":77,"column":44},"end":{"line":77,"column":68}},"6":{"start":{"line":78,"column":28},"end":{"line":78,"column":67}},"7":{"start":{"line":79,"column":36},"end":{"line":79,"column":60}},"8":{"start":{"line":81,"column":26},"end":{"line":92,"column":3}},"9":{"start":{"line":82,"column":25},"end":{"line":89,"column":6}},"10":{"start":{"line":83,"column":6},"end":{"line":87,"column":7}},"11":{"start":{"line":84,"column":8},"end":{"line":84,"column":39}},"12":{"start":{"line":86,"column":8},"end":{"line":86,"column":30}},"13":{"start":{"line":88,"column":6},"end":{"line":88,"column":18}},"14":{"start":{"line":91,"column":4},"end":{"line":91,"column":27}},"15":{"start":{"line":94,"column":2},"end":{"line":470,"column":4}},"16":{"start":{"line":164,"column":30},"end":{"line":164,"column":53}},"17":{"start":{"line":189,"column":12},"end":{"line":189,"column":33}},"18":{"start":{"line":190,"column":12},"end":{"line":190,"column":33}},"19":{"start":{"line":198,"column":12},"end":{"line":198,"column":33}},"20":{"start":{"line":205,"column":12},"end":{"line":205,"column":33}},"21":{"start":{"line":215,"column":12},"end":{"line":215,"column":33}},"22":{"start":{"line":223,"column":12},"end":{"line":223,"column":33}},"23":{"start":{"line":240,"column":12},"end":{"line":255,"column":14}},"24":{"start":{"line":245,"column":18},"end":{"line":249,"column":19}},"25":{"start":{"line":246,"column":20},"end":{"line":246,"column":34}},"26":{"start":{"line":248,"column":20},"end":{"line":248,"column":35}},"27":{"start":{"line":276,"column":12},"end":{"line":301,"column":14}},"28":{"start":{"line":280,"column":18},"end":{"line":285,"column":19}},"29":{"start":{"line":281,"column":20},"end":{"line":281,"column":43}},"30":{"start":{"line":282,"column":20},"end":{"line":282,"column":45}},"31":{"start":{"line":283,"column":25},"end":{"line":285,"column":19}},"32":{"start":{"line":284,"column":20},"end":{"line":284,"column":43}},"33":{"start":{"line":288,"column":18},"end":{"line":288,"column":41}},"34":{"start":{"line":289,"column":18},"end":{"line":289,"column":43}},"35":{"start":{"line":311,"column":12},"end":{"line":336,"column":14}},"36":{"start":{"line":315,"column":18},"end":{"line":320,"column":19}},"37":{"start":{"line":316,"column":20},"end":{"line":316,"column":44}},"38":{"start":{"line":317,"column":20},"end":{"line":317,"column":45}},"39":{"start":{"line":318,"column":25},"end":{"line":320,"column":19}},"40":{"start":{"line":319,"column":20},"end":{"line":319,"column":44}},"41":{"start":{"line":323,"column":18},"end":{"line":323,"column":42}},"42":{"start":{"line":324,"column":18},"end":{"line":324,"column":43}},"43":{"start":{"line":346,"column":12},"end":{"line":371,"column":14}},"44":{"start":{"line":350,"column":18},"end":{"line":355,"column":19}},"45":{"start":{"line":351,"column":20},"end":{"line":351,"column":44}},"46":{"start":{"line":352,"column":20},"end":{"line":352,"column":45}},"47":{"start":{"line":353,"column":25},"end":{"line":355,"column":19}},"48":{"start":{"line":354,"column":20},"end":{"line":354,"column":44}},"49":{"start":{"line":358,"column":18},"end":{"line":358,"column":42}},"50":{"start":{"line":359,"column":18},"end":{"line":359,"column":43}},"51":{"start":{"line":381,"column":12},"end":{"line":406,"column":14}},"52":{"start":{"line":385,"column":18},"end":{"line":390,"column":19}},"53":{"start":{"line":386,"column":20},"end":{"line":386,"column":44}},"54":{"start":{"line":387,"column":20},"end":{"line":387,"column":45}},"55":{"start":{"line":388,"column":25},"end":{"line":390,"column":19}},"56":{"start":{"line":389,"column":20},"end":{"line":389,"column":44}},"57":{"start":{"line":393,"column":18},"end":{"line":393,"column":42}},"58":{"start":{"line":394,"column":18},"end":{"line":394,"column":43}},"59":{"start":{"line":433,"column":12},"end":{"line":433,"column":31}}},"fnMap":{"0":{"name":"App","decl":{"start":{"line":73,"column":9},"end":{"line":73,"column":12}},"loc":{"start":{"line":73,"column":15},"end":{"line":471,"column":1}},"line":73},"1":{"name":"(anonymous_1)","decl":{"start":{"line":81,"column":26},"end":{"line":81,"column":27}},"loc":{"start":{"line":81,"column":48},"end":{"line":92,"column":3}},"line":81},"2":{"name":"(anonymous_2)","decl":{"start":{"line":82,"column":35},"end":{"line":82,"column":36}},"loc":{"start":{"line":82,"column":45},"end":{"line":89,"column":5}},"line":82},"3":{"name":"(anonymous_3)","decl":{"start":{"line":164,"column":24},"end":{"line":164,"column":25}},"loc":{"start":{"line":164,"column":30},"end":{"line":164,"column":53}},"line":164},"4":{"name":"(anonymous_4)","decl":{"start":{"line":188,"column":20},"end":{"line":188,"column":21}},"loc":{"start":{"line":188,"column":26},"end":{"line":191,"column":11}},"line":188},"5":{"name":"(anonymous_5)","decl":{"start":{"line":197,"column":20},"end":{"line":197,"column":21}},"loc":{"start":{"line":197,"column":26},"end":{"line":199,"column":11}},"line":197},"6":{"name":"(anonymous_6)","decl":{"start":{"line":204,"column":20},"end":{"line":204,"column":21}},"loc":{"start":{"line":204,"column":26},"end":{"line":206,"column":11}},"line":204},"7":{"name":"(anonymous_7)","decl":{"start":{"line":214,"column":20},"end":{"line":214,"column":21}},"loc":{"start":{"line":214,"column":26},"end":{"line":216,"column":11}},"line":214},"8":{"name":"(anonymous_8)","decl":{"start":{"line":222,"column":20},"end":{"line":222,"column":21}},"loc":{"start":{"line":222,"column":26},"end":{"line":224,"column":11}},"line":222},"9":{"name":"(anonymous_9)","decl":{"start":{"line":239,"column":30},"end":{"line":239,"column":31}},"loc":{"start":{"line":239,"column":47},"end":{"line":256,"column":11}},"line":239},"10":{"name":"(anonymous_10)","decl":{"start":{"line":244,"column":25},"end":{"line":244,"column":26}},"loc":{"start":{"line":244,"column":31},"end":{"line":250,"column":17}},"line":244},"11":{"name":"(anonymous_11)","decl":{"start":{"line":275,"column":21},"end":{"line":275,"column":22}},"loc":{"start":{"line":275,"column":45},"end":{"line":302,"column":11}},"line":275},"12":{"name":"(anonymous_12)","decl":{"start":{"line":279,"column":27},"end":{"line":279,"column":28}},"loc":{"start":{"line":279,"column":39},"end":{"line":286,"column":17}},"line":279},"13":{"name":"(anonymous_13)","decl":{"start":{"line":287,"column":25},"end":{"line":287,"column":26}},"loc":{"start":{"line":287,"column":31},"end":{"line":290,"column":17}},"line":287},"14":{"name":"(anonymous_14)","decl":{"start":{"line":310,"column":21},"end":{"line":310,"column":22}},"loc":{"start":{"line":310,"column":45},"end":{"line":337,"column":11}},"line":310},"15":{"name":"(anonymous_15)","decl":{"start":{"line":314,"column":27},"end":{"line":314,"column":28}},"loc":{"start":{"line":314,"column":39},"end":{"line":321,"column":17}},"line":314},"16":{"name":"(anonymous_16)","decl":{"start":{"line":322,"column":25},"end":{"line":322,"column":26}},"loc":{"start":{"line":322,"column":31},"end":{"line":325,"column":17}},"line":322},"17":{"name":"(anonymous_17)","decl":{"start":{"line":345,"column":21},"end":{"line":345,"column":22}},"loc":{"start":{"line":345,"column":45},"end":{"line":372,"column":11}},"line":345},"18":{"name":"(anonymous_18)","decl":{"start":{"line":349,"column":27},"end":{"line":349,"column":28}},"loc":{"start":{"line":349,"column":39},"end":{"line":356,"column":17}},"line":349},"19":{"name":"(anonymous_19)","decl":{"start":{"line":357,"column":25},"end":{"line":357,"column":26}},"loc":{"start":{"line":357,"column":31},"end":{"line":360,"column":17}},"line":357},"20":{"name":"(anonymous_20)","decl":{"start":{"line":380,"column":21},"end":{"line":380,"column":22}},"loc":{"start":{"line":380,"column":45},"end":{"line":407,"column":11}},"line":380},"21":{"name":"(anonymous_21)","decl":{"start":{"line":384,"column":27},"end":{"line":384,"column":28}},"loc":{"start":{"line":384,"column":39},"end":{"line":391,"column":17}},"line":384},"22":{"name":"(anonymous_22)","decl":{"start":{"line":392,"column":25},"end":{"line":392,"column":26}},"loc":{"start":{"line":392,"column":31},"end":{"line":395,"column":17}},"line":392},"23":{"name":"(anonymous_23)","decl":{"start":{"line":432,"column":19},"end":{"line":432,"column":20}},"loc":{"start":{"line":432,"column":25},"end":{"line":434,"column":11}},"line":432}},"branchMap":{"0":{"loc":{"start":{"line":83,"column":6},"end":{"line":87,"column":7}},"type":"if","locations":[{"start":{"line":83,"column":6},"end":{"line":87,"column":7}},{"start":{"line":85,"column":13},"end":{"line":87,"column":7}}],"line":83},"1":{"loc":{"start":{"line":245,"column":18},"end":{"line":249,"column":19}},"type":"if","locations":[{"start":{"line":245,"column":18},"end":{"line":249,"column":19}},{"start":{"line":247,"column":25},"end":{"line":249,"column":19}}],"line":245},"2":{"loc":{"start":{"line":280,"column":18},"end":{"line":285,"column":19}},"type":"if","locations":[{"start":{"line":280,"column":18},"end":{"line":285,"column":19}},{"start":{"line":283,"column":25},"end":{"line":285,"column":19}}],"line":280},"3":{"loc":{"start":{"line":280,"column":22},"end":{"line":280,"column":62}},"type":"binary-expr","locations":[{"start":{"line":280,"column":22},"end":{"line":280,"column":40}},{"start":{"line":280,"column":44},"end":{"line":280,"column":62}}],"line":280},"4":{"loc":{"start":{"line":283,"column":25},"end":{"line":285,"column":19}},"type":"if","locations":[{"start":{"line":283,"column":25},"end":{"line":285,"column":19}},{"start":{},"end":{}}],"line":283},"5":{"loc":{"start":{"line":292,"column":35},"end":{"line":292,"column":72}},"type":"cond-expr","locations":[{"start":{"line":292,"column":51},"end":{"line":292,"column":62}},{"start":{"line":292,"column":65},"end":{"line":292,"column":72}}],"line":292},"6":{"loc":{"start":{"line":293,"column":25},"end":{"line":293,"column":58}},"type":"cond-expr","locations":[{"start":{"line":293,"column":41},"end":{"line":293,"column":48}},{"start":{"line":293,"column":51},"end":{"line":293,"column":58}}],"line":293},"7":{"loc":{"start":{"line":315,"column":18},"end":{"line":320,"column":19}},"type":"if","locations":[{"start":{"line":315,"column":18},"end":{"line":320,"column":19}},{"start":{"line":318,"column":25},"end":{"line":320,"column":19}}],"line":315},"8":{"loc":{"start":{"line":315,"column":22},"end":{"line":315,"column":62}},"type":"binary-expr","locations":[{"start":{"line":315,"column":22},"end":{"line":315,"column":40}},{"start":{"line":315,"column":44},"end":{"line":315,"column":62}}],"line":315},"9":{"loc":{"start":{"line":318,"column":25},"end":{"line":320,"column":19}},"type":"if","locations":[{"start":{"line":318,"column":25},"end":{"line":320,"column":19}},{"start":{},"end":{}}],"line":318},"10":{"loc":{"start":{"line":327,"column":35},"end":{"line":327,"column":72}},"type":"cond-expr","locations":[{"start":{"line":327,"column":51},"end":{"line":327,"column":62}},{"start":{"line":327,"column":65},"end":{"line":327,"column":72}}],"line":327},"11":{"loc":{"start":{"line":328,"column":25},"end":{"line":328,"column":58}},"type":"cond-expr","locations":[{"start":{"line":328,"column":41},"end":{"line":328,"column":48}},{"start":{"line":328,"column":51},"end":{"line":328,"column":58}}],"line":328},"12":{"loc":{"start":{"line":350,"column":18},"end":{"line":355,"column":19}},"type":"if","locations":[{"start":{"line":350,"column":18},"end":{"line":355,"column":19}},{"start":{"line":353,"column":25},"end":{"line":355,"column":19}}],"line":350},"13":{"loc":{"start":{"line":350,"column":22},"end":{"line":350,"column":62}},"type":"binary-expr","locations":[{"start":{"line":350,"column":22},"end":{"line":350,"column":40}},{"start":{"line":350,"column":44},"end":{"line":350,"column":62}}],"line":350},"14":{"loc":{"start":{"line":353,"column":25},"end":{"line":355,"column":19}},"type":"if","locations":[{"start":{"line":353,"column":25},"end":{"line":355,"column":19}},{"start":{},"end":{}}],"line":353},"15":{"loc":{"start":{"line":362,"column":35},"end":{"line":362,"column":72}},"type":"cond-expr","locations":[{"start":{"line":362,"column":51},"end":{"line":362,"column":62}},{"start":{"line":362,"column":65},"end":{"line":362,"column":72}}],"line":362},"16":{"loc":{"start":{"line":363,"column":25},"end":{"line":363,"column":58}},"type":"cond-expr","locations":[{"start":{"line":363,"column":41},"end":{"line":363,"column":48}},{"start":{"line":363,"column":51},"end":{"line":363,"column":58}}],"line":363},"17":{"loc":{"start":{"line":385,"column":18},"end":{"line":390,"column":19}},"type":"if","locations":[{"start":{"line":385,"column":18},"end":{"line":390,"column":19}},{"start":{"line":388,"column":25},"end":{"line":390,"column":19}}],"line":385},"18":{"loc":{"start":{"line":385,"column":22},"end":{"line":385,"column":62}},"type":"binary-expr","locations":[{"start":{"line":385,"column":22},"end":{"line":385,"column":40}},{"start":{"line":385,"column":44},"end":{"line":385,"column":62}}],"line":385},"19":{"loc":{"start":{"line":388,"column":25},"end":{"line":390,"column":19}},"type":"if","locations":[{"start":{"line":388,"column":25},"end":{"line":390,"column":19}},{"start":{},"end":{}}],"line":388},"20":{"loc":{"start":{"line":397,"column":35},"end":{"line":397,"column":72}},"type":"cond-expr","locations":[{"start":{"line":397,"column":51},"end":{"line":397,"column":62}},{"start":{"line":397,"column":65},"end":{"line":397,"column":72}}],"line":397},"21":{"loc":{"start":{"line":398,"column":25},"end":{"line":398,"column":58}},"type":"cond-expr","locations":[{"start":{"line":398,"column":41},"end":{"line":398,"column":48}},{"start":{"line":398,"column":51},"end":{"line":398,"column":58}}],"line":398}},"s":{"0":0,"1":0,"2":0,"3":0,"4":0,"5":0,"6":0,"7":0,"8":0,"9":0,"10":0,"11":0,"12":0,"13":0,"14":0,"15":0,"16":0,"17":0,"18":0,"19":0,"20":0,"21":0,"22":0,"23":0,"24":0,"25":0,"26":0,"27":0,"28":0,"29":0,"30":0,"31":0,"32":0,"33":0,"34":0,"35":0,"36":0,"37":0,"38":0,"39":0,"40":0,"41":0,"42":0,"43":0,"44":0,"45":0,"46":0,"47":0,"48":0,"49":0,"50":0,"51":0,"52":0,"53":0,"54":0,"55":0,"56":0,"57":0,"58":0,"59":0},"f":{"0":0,"1":0,"2":0,"3":0,"4":0,"5":0,"6":0,"7":0,"8":0,"9":0,"10":0,"11":0,"12":0,"13":0,"14":0,"15":0,"16":0,"17":0,"18":0,"19":0,"20":0,"21":0,"22":0,"23":0},"b":{"0":[0,0],"1":[0,0],"2":[0,0],"3":[0,0],"4":[0,0],"5":[0,0],"6":[0,0],"7":[0,0],"8":[0,0],"9":[0,0],"10":[0,0],"11":[0,0],"12":[0,0],"13":[0,0],"14":[0,0],"15":[0,0],"16":[0,0],"17":[0,0],"18":[0,0],"19":[0,0],"20":[0,0],"21":[0,0]}}
,"F:\\VS Code project\\REACT\\experiments\\react-ui-kit\\src\\CONSTANTS.ts": {"path":"F:\\VS Code project\\REACT\\experiments\\react-ui-kit\\src\\CONSTANTS.ts","statementMap":{"0":{"start":{"line":1,"column":22},"end":{"line":8,"column":1}},"1":{"start":{"line":9,"column":22},"end":{"line":18,"column":1}}},"fnMap":{},"branchMap":{},"s":{"0":2,"1":2},"f":{},"b":{},"_coverageSchema":"1a1c01bbd47fc00a2c39e90264f33305004495a9","hash":"83aafed1b58fb45f4055eecbab74275537bc26dc"}
,"F:\\VS Code project\\REACT\\experiments\\react-ui-kit\\src\\index.tsx": {"path":"F:\\VS Code project\\REACT\\experiments\\react-ui-kit\\src\\index.tsx","statementMap":{"0":{"start":{"line":7,"column":0},"end":{"line":12,"column":2}},"1":{"start":{"line":17,"column":0},"end":{"line":17,"column":18}}},"fnMap":{},"branchMap":{},"s":{"0":0,"1":0},"f":{},"b":{}}
,"F:\\VS Code project\\REACT\\experiments\\react-ui-kit\\src\\reportWebVitals.ts": {"path":"F:\\VS Code project\\REACT\\experiments\\react-ui-kit\\src\\reportWebVitals.ts","statementMap":{"0":{"start":{"line":3,"column":24},"end":{"line":13,"column":1}},"1":{"start":{"line":4,"column":2},"end":{"line":12,"column":3}},"2":{"start":{"line":5,"column":4},"end":{"line":11,"column":7}},"3":{"start":{"line":6,"column":6},"end":{"line":6,"column":26}},"4":{"start":{"line":7,"column":6},"end":{"line":7,"column":26}},"5":{"start":{"line":8,"column":6},"end":{"line":8,"column":26}},"6":{"start":{"line":9,"column":6},"end":{"line":9,"column":26}},"7":{"start":{"line":10,"column":6},"end":{"line":10,"column":27}}},"fnMap":{"0":{"name":"(anonymous_0)","decl":{"start":{"line":3,"column":24},"end":{"line":3,"column":25}},"loc":{"start":{"line":3,"column":57},"end":{"line":13,"column":1}},"line":3},"1":{"name":"(anonymous_1)","decl":{"start":{"line":5,"column":30},"end":{"line":5,"column":31}},"loc":{"start":{"line":5,"column":79},"end":{"line":11,"column":5}},"line":5}},"branchMap":{"0":{"loc":{"start":{"line":4,"column":2},"end":{"line":12,"column":3}},"type":"if","locations":[{"start":{"line":4,"column":2},"end":{"line":12,"column":3}},{"start":{},"end":{}}],"line":4},"1":{"loc":{"start":{"line":4,"column":6},"end":{"line":4,"column":52}},"type":"binary-expr","locations":[{"start":{"line":4,"column":6},"end":{"line":4,"column":17}},{"start":{"line":4,"column":21},"end":{"line":4,"column":52}}],"line":4}},"s":{"0":0,"1":0,"2":0,"3":0,"4":0,"5":0,"6":0,"7":0},"f":{"0":0,"1":0},"b":{"0":[0,0],"1":[0,0]}}
,"F:\\VS Code project\\REACT\\experiments\\react-ui-kit\\src\\components\\Accordion.tsx": {"path":"F:\\VS Code project\\REACT\\experiments\\react-ui-kit\\src\\components\\Accordion.tsx","statementMap":{"0":{"start":{"line":4,"column":27},"end":{"line":8,"column":1}},"1":{"start":{"line":5,"column":23},"end":{"line":5,"column":35}},"2":{"start":{"line":10,"column":23},"end":{"line":21,"column":1}},"3":{"start":{"line":34,"column":40},"end":{"line":34,"column":51}},"4":{"start":{"line":35,"column":44},"end":{"line":35,"column":55}},"5":{"start":{"line":36,"column":19},"end":{"line":36,"column":47}},"6":{"start":{"line":37,"column":21},"end":{"line":37,"column":49}},"7":{"start":{"line":39,"column":2},"end":{"line":43,"column":17}},"8":{"start":{"line":40,"column":4},"end":{"line":42,"column":5}},"9":{"start":{"line":41,"column":6},"end":{"line":41,"column":52}},"10":{"start":{"line":45,"column":2},"end":{"line":49,"column":19}},"11":{"start":{"line":46,"column":4},"end":{"line":48,"column":5}},"12":{"start":{"line":47,"column":6},"end":{"line":47,"column":56}},"13":{"start":{"line":51,"column":2},"end":{"line":73,"column":4}},"14":{"start":{"line":60,"column":23},"end":{"line":60,"column":32}}},"fnMap":{"0":{"name":"(anonymous_0)","decl":{"start":{"line":5,"column":12},"end":{"line":5,"column":13}},"loc":{"start":{"line":5,"column":23},"end":{"line":5,"column":35}},"line":5},"1":{"name":"AccordionItem","decl":{"start":{"line":23,"column":24},"end":{"line":23,"column":37}},"loc":{"start":{"line":33,"column":17},"end":{"line":74,"column":1}},"line":33},"2":{"name":"(anonymous_2)","decl":{"start":{"line":39,"column":12},"end":{"line":39,"column":13}},"loc":{"start":{"line":39,"column":18},"end":{"line":43,"column":3}},"line":39},"3":{"name":"(anonymous_3)","decl":{"start":{"line":45,"column":12},"end":{"line":45,"column":13}},"loc":{"start":{"line":45,"column":18},"end":{"line":49,"column":3}},"line":45},"4":{"name":"(anonymous_4)","decl":{"start":{"line":60,"column":17},"end":{"line":60,"column":18}},"loc":{"start":{"line":60,"column":23},"end":{"line":60,"column":32}},"line":60}},"branchMap":{"0":{"loc":{"start":{"line":40,"column":4},"end":{"line":42,"column":5}},"type":"if","locations":[{"start":{"line":40,"column":4},"end":{"line":42,"column":5}},{"start":{},"end":{}}],"line":40},"1":{"loc":{"start":{"line":46,"column":4},"end":{"line":48,"column":5}},"type":"if","locations":[{"start":{"line":46,"column":4},"end":{"line":48,"column":5}},{"start":{},"end":{}}],"line":46},"2":{"loc":{"start":{"line":55,"column":14},"end":{"line":55,"column":66}},"type":"cond-expr","locations":[{"start":{"line":55,"column":21},"end":{"line":55,"column":48}},{"start":{"line":55,"column":51},"end":{"line":55,"column":66}}],"line":55},"3":{"loc":{"start":{"line":63,"column":9},"end":{"line":67,"column":9}},"type":"cond-expr","locations":[{"start":{"line":64,"column":10},"end":{"line":64,"column":59}},{"start":{"line":66,"column":10},"end":{"line":66,"column":57}}],"line":63}},"s":{"0":1,"1":2,"2":1,"3":2,"4":2,"5":2,"6":2,"7":2,"8":2,"9":2,"10":2,"11":2,"12":2,"13":2,"14":1},"f":{"0":2,"1":2,"2":2,"3":2,"4":1},"b":{"0":[2,0],"1":[2,0],"2":[0,2],"3":[0,2]},"_coverageSchema":"1a1c01bbd47fc00a2c39e90264f33305004495a9","hash":"a1b6528710378f979f2182592a8487d78be7b96a"}
,"F:\\VS Code project\\REACT\\experiments\\react-ui-kit\\src\\components\\Badge.tsx": {"path":"F:\\VS Code project\\REACT\\experiments\\react-ui-kit\\src\\components\\Badge.tsx","statementMap":{"0":{"start":{"line":6,"column":20},"end":{"line":61,"column":1}},"1":{"start":{"line":9,"column":33},"end":{"line":9,"column":65}},"2":{"start":{"line":12,"column":30},"end":{"line":12,"column":58}},"3":{"start":{"line":14,"column":22},"end":{"line":14,"column":44}},"4":{"start":{"line":16,"column":23},"end":{"line":16,"column":56}},"5":{"start":{"line":19,"column":6},"end":{"line":23,"column":12}},"6":{"start":{"line":26,"column":4},"end":{"line":36,"column":5}},"7":{"start":{"line":27,"column":6},"end":{"line":30,"column":8}},"8":{"start":{"line":32,"column":6},"end":{"line":35,"column":8}},"9":{"start":{"line":39,"column":4},"end":{"line":59,"column":5}},"10":{"start":{"line":40,"column":6},"end":{"line":58,"column":7}},"11":{"start":{"line":41,"column":8},"end":{"line":48,"column":10}},"12":{"start":{"line":50,"column":8},"end":{"line":57,"column":10}},"13":{"start":{"line":63,"column":26},"end":{"line":77,"column":1}},"14":{"start":{"line":69,"column":2},"end":{"line":76,"column":4}}},"fnMap":{"0":{"name":"(anonymous_0)","decl":{"start":{"line":9,"column":22},"end":{"line":9,"column":23}},"loc":{"start":{"line":9,"column":33},"end":{"line":9,"column":65}},"line":9},"1":{"name":"(anonymous_1)","decl":{"start":{"line":12,"column":19},"end":{"line":12,"column":20}},"loc":{"start":{"line":12,"column":30},"end":{"line":12,"column":58}},"line":12},"2":{"name":"(anonymous_2)","decl":{"start":{"line":14,"column":11},"end":{"line":14,"column":12}},"loc":{"start":{"line":14,"column":22},"end":{"line":14,"column":44}},"line":14},"3":{"name":"(anonymous_3)","decl":{"start":{"line":16,"column":12},"end":{"line":16,"column":13}},"loc":{"start":{"line":16,"column":23},"end":{"line":16,"column":56}},"line":16},"4":{"name":"(anonymous_4)","decl":{"start":{"line":18,"column":6},"end":{"line":18,"column":7}},"loc":{"start":{"line":19,"column":6},"end":{"line":23,"column":12}},"line":19},"5":{"name":"(anonymous_5)","decl":{"start":{"line":25,"column":4},"end":{"line":25,"column":5}},"loc":{"start":{"line":25,"column":15},"end":{"line":37,"column":3}},"line":25},"6":{"name":"(anonymous_6)","decl":{"start":{"line":38,"column":4},"end":{"line":38,"column":5}},"loc":{"start":{"line":38,"column":15},"end":{"line":60,"column":3}},"line":38},"7":{"name":"(anonymous_7)","decl":{"start":{"line":63,"column":26},"end":{"line":63,"column":27}},"loc":{"start":{"line":68,"column":20},"end":{"line":77,"column":1}},"line":68}},"branchMap":{"0":{"loc":{"start":{"line":9,"column":33},"end":{"line":9,"column":65}},"type":"binary-expr","locations":[{"start":{"line":9,"column":33},"end":{"line":9,"column":49}},{"start":{"line":9,"column":53},"end":{"line":9,"column":65}}],"line":9},"1":{"loc":{"start":{"line":12,"column":30},"end":{"line":12,"column":58}},"type":"binary-expr","locations":[{"start":{"line":12,"column":30},"end":{"line":12,"column":48}},{"start":{"line":12,"column":52},"end":{"line":12,"column":58}}],"line":12},"2":{"loc":{"start":{"line":14,"column":22},"end":{"line":14,"column":44}},"type":"binary-expr","locations":[{"start":{"line":14,"column":22},"end":{"line":14,"column":33}},{"start":{"line":14,"column":37},"end":{"line":14,"column":44}}],"line":14},"3":{"loc":{"start":{"line":16,"column":23},"end":{"line":16,"column":56}},"type":"binary-expr","locations":[{"start":{"line":16,"column":23},"end":{"line":16,"column":35}},{"start":{"line":16,"column":39},"end":{"line":16,"column":56}}],"line":16},"4":{"loc":{"start":{"line":19,"column":6},"end":{"line":23,"column":12}},"type":"cond-expr","locations":[{"start":{"line":20,"column":10},"end":{"line":22,"column":11}},{"start":{"line":23,"column":10},"end":{"line":23,"column":12}}],"line":19},"5":{"loc":{"start":{"line":26,"column":4},"end":{"line":36,"column":5}},"type":"if","locations":[{"start":{"line":26,"column":4},"end":{"line":36,"column":5}},{"start":{"line":31,"column":11},"end":{"line":36,"column":5}}],"line":26},"6":{"loc":{"start":{"line":39,"column":4},"end":{"line":59,"column":5}},"type":"if","locations":[{"start":{"line":39,"column":4},"end":{"line":59,"column":5}},{"start":{},"end":{}}],"line":39},"7":{"loc":{"start":{"line":40,"column":6},"end":{"line":58,"column":7}},"type":"if","locations":[{"start":{"line":40,"column":6},"end":{"line":58,"column":7}},{"start":{"line":49,"column":13},"end":{"line":58,"column":7}}],"line":40}},"s":{"0":0,"1":0,"2":0,"3":0,"4":0,"5":0,"6":0,"7":0,"8":0,"9":0,"10":0,"11":0,"12":0,"13":0,"14":0},"f":{"0":0,"1":0,"2":0,"3":0,"4":0,"5":0,"6":0,"7":0},"b":{"0":[0,0],"1":[0,0],"2":[0,0],"3":[0,0],"4":[0,0],"5":[0,0],"6":[0,0],"7":[0,0]}}
,"F:\\VS Code project\\REACT\\experiments\\react-ui-kit\\src\\components\\Button.tsx": {"path":"F:\\VS Code project\\REACT\\experiments\\react-ui-kit\\src\\components\\Button.tsx","statementMap":{"0":{"start":{"line":6,"column":21},"end":{"line":97,"column":1}},"1":{"start":{"line":9,"column":32},"end":{"line":9,"column":57}},"2":{"start":{"line":10,"column":23},"end":{"line":10,"column":45}},"3":{"start":{"line":12,"column":4},"end":{"line":61,"column":5}},"4":{"start":{"line":13,"column":6},"end":{"line":16,"column":8}},"5":{"start":{"line":17,"column":11},"end":{"line":61,"column":5}},"6":{"start":{"line":18,"column":6},"end":{"line":21,"column":8}},"7":{"start":{"line":22,"column":11},"end":{"line":61,"column":5}},"8":{"start":{"line":23,"column":6},"end":{"line":27,"column":8}},"9":{"start":{"line":28,"column":11},"end":{"line":61,"column":5}},"10":{"start":{"line":29,"column":6},"end":{"line":33,"column":8}},"11":{"start":{"line":34,"column":11},"end":{"line":61,"column":5}},"12":{"start":{"line":35,"column":6},"end":{"line":39,"column":8}},"13":{"start":{"line":40,"column":11},"end":{"line":61,"column":5}},"14":{"start":{"line":41,"column":6},"end":{"line":45,"column":8}},"15":{"start":{"line":46,"column":11},"end":{"line":61,"column":5}},"16":{"start":{"line":47,"column":6},"end":{"line":50,"column":8}},"17":{"start":{"line":51,"column":11},"end":{"line":61,"column":5}},"18":{"start":{"line":52,"column":6},"end":{"line":55,"column":8}},"19":{"start":{"line":57,"column":6},"end":{"line":60,"column":8}},"20":{"start":{"line":65,"column":4},"end":{"line":69,"column":13}},"21":{"start":{"line":72,"column":4},"end":{"line":76,"column":20}},"22":{"start":{"line":77,"column":27},"end":{"line":77,"column":67}},"23":{"start":{"line":78,"column":23},"end":{"line":78,"column":63}},"24":{"start":{"line":79,"column":33},"end":{"line":79,"column":60}},"25":{"start":{"line":81,"column":26},"end":{"line":81,"column":68}},"26":{"start":{"line":85,"column":6},"end":{"line":94,"column":7}},"27":{"start":{"line":91,"column":8},"end":{"line":93,"column":10}},"28":{"start":{"line":99,"column":28},"end":{"line":112,"column":1}},"29":{"start":{"line":105,"column":2},"end":{"line":111,"column":4}}},"fnMap":{"0":{"name":"(anonymous_0)","decl":{"start":{"line":9,"column":21},"end":{"line":9,"column":22}},"loc":{"start":{"line":9,"column":32},"end":{"line":9,"column":57}},"line":9},"1":{"name":"(anonymous_1)","decl":{"start":{"line":10,"column":12},"end":{"line":10,"column":13}},"loc":{"start":{"line":10,"column":23},"end":{"line":10,"column":45}},"line":10},"2":{"name":"(anonymous_2)","decl":{"start":{"line":11,"column":4},"end":{"line":11,"column":5}},"loc":{"start":{"line":11,"column":15},"end":{"line":62,"column":3}},"line":11},"3":{"name":"(anonymous_3)","decl":{"start":{"line":64,"column":19},"end":{"line":64,"column":20}},"loc":{"start":{"line":65,"column":4},"end":{"line":69,"column":13}},"line":65},"4":{"name":"(anonymous_4)","decl":{"start":{"line":71,"column":13},"end":{"line":71,"column":14}},"loc":{"start":{"line":72,"column":4},"end":{"line":76,"column":20}},"line":72},"5":{"name":"(anonymous_5)","decl":{"start":{"line":77,"column":15},"end":{"line":77,"column":16}},"loc":{"start":{"line":77,"column":27},"end":{"line":77,"column":67}},"line":77},"6":{"name":"(anonymous_6)","decl":{"start":{"line":78,"column":11},"end":{"line":78,"column":12}},"loc":{"start":{"line":78,"column":23},"end":{"line":78,"column":63}},"line":78},"7":{"name":"(anonymous_7)","decl":{"start":{"line":79,"column":22},"end":{"line":79,"column":23}},"loc":{"start":{"line":79,"column":33},"end":{"line":79,"column":60}},"line":79},"8":{"name":"(anonymous_8)","decl":{"start":{"line":81,"column":14},"end":{"line":81,"column":15}},"loc":{"start":{"line":81,"column":26},"end":{"line":81,"column":68}},"line":81},"9":{"name":"(anonymous_9)","decl":{"start":{"line":84,"column":6},"end":{"line":84,"column":7}},"loc":{"start":{"line":84,"column":17},"end":{"line":95,"column":5}},"line":84},"10":{"name":"(anonymous_10)","decl":{"start":{"line":99,"column":28},"end":{"line":99,"column":29}},"loc":{"start":{"line":104,"column":20},"end":{"line":112,"column":1}},"line":104}},"branchMap":{"0":{"loc":{"start":{"line":9,"column":32},"end":{"line":9,"column":57}},"type":"binary-expr","locations":[{"start":{"line":9,"column":32},"end":{"line":9,"column":45}},{"start":{"line":9,"column":49},"end":{"line":9,"column":57}}],"line":9},"1":{"loc":{"start":{"line":10,"column":23},"end":{"line":10,"column":45}},"type":"binary-expr","locations":[{"start":{"line":10,"column":23},"end":{"line":10,"column":35}},{"start":{"line":10,"column":39},"end":{"line":10,"column":45}}],"line":10},"2":{"loc":{"start":{"line":12,"column":4},"end":{"line":61,"column":5}},"type":"if","locations":[{"start":{"line":12,"column":4},"end":{"line":61,"column":5}},{"start":{"line":17,"column":11},"end":{"line":61,"column":5}}],"line":12},"3":{"loc":{"start":{"line":15,"column":17},"end":{"line":15,"column":43}},"type":"binary-expr","locations":[{"start":{"line":15,"column":17},"end":{"line":15,"column":28}},{"start":{"line":15,"column":32},"end":{"line":15,"column":43}}],"line":15},"4":{"loc":{"start":{"line":17,"column":11},"end":{"line":61,"column":5}},"type":"if","locations":[{"start":{"line":17,"column":11},"end":{"line":61,"column":5}},{"start":{"line":22,"column":11},"end":{"line":61,"column":5}}],"line":17},"5":{"loc":{"start":{"line":20,"column":17},"end":{"line":20,"column":39}},"type":"binary-expr","locations":[{"start":{"line":20,"column":17},"end":{"line":20,"column":28}},{"start":{"line":20,"column":32},"end":{"line":20,"column":39}}],"line":20},"6":{"loc":{"start":{"line":22,"column":11},"end":{"line":61,"column":5}},"type":"if","locations":[{"start":{"line":22,"column":11},"end":{"line":61,"column":5}},{"start":{"line":28,"column":11},"end":{"line":61,"column":5}}],"line":22},"7":{"loc":{"start":{"line":25,"column":17},"end":{"line":25,"column":44}},"type":"binary-expr","locations":[{"start":{"line":25,"column":17},"end":{"line":25,"column":28}},{"start":{"line":25,"column":32},"end":{"line":25,"column":44}}],"line":25},"8":{"loc":{"start":{"line":26,"column":19},"end":{"line":26,"column":62}},"type":"binary-expr","locations":[{"start":{"line":26,"column":19},"end":{"line":26,"column":31}},{"start":{"line":26,"column":35},"end":{"line":26,"column":62}}],"line":26},"9":{"loc":{"start":{"line":28,"column":11},"end":{"line":61,"column":5}},"type":"if","locations":[{"start":{"line":28,"column":11},"end":{"line":61,"column":5}},{"start":{"line":34,"column":11},"end":{"line":61,"column":5}}],"line":28},"10":{"loc":{"start":{"line":31,"column":17},"end":{"line":31,"column":45}},"type":"binary-expr","locations":[{"start":{"line":31,"column":17},"end":{"line":31,"column":28}},{"start":{"line":31,"column":32},"end":{"line":31,"column":45}}],"line":31},"11":{"loc":{"start":{"line":32,"column":19},"end":{"line":32,"column":63}},"type":"binary-expr","locations":[{"start":{"line":32,"column":19},"end":{"line":32,"column":31}},{"start":{"line":32,"column":35},"end":{"line":32,"column":63}}],"line":32},"12":{"loc":{"start":{"line":34,"column":11},"end":{"line":61,"column":5}},"type":"if","locations":[{"start":{"line":34,"column":11},"end":{"line":61,"column":5}},{"start":{"line":40,"column":11},"end":{"line":61,"column":5}}],"line":34},"13":{"loc":{"start":{"line":37,"column":17},"end":{"line":37,"column":42}},"type":"binary-expr","locations":[{"start":{"line":37,"column":17},"end":{"line":37,"column":28}},{"start":{"line":37,"column":32},"end":{"line":37,"column":42}}],"line":37},"14":{"loc":{"start":{"line":38,"column":19},"end":{"line":38,"column":60}},"type":"binary-expr","locations":[{"start":{"line":38,"column":19},"end":{"line":38,"column":31}},{"start":{"line":38,"column":35},"end":{"line":38,"column":60}}],"line":38},"15":{"loc":{"start":{"line":40,"column":11},"end":{"line":61,"column":5}},"type":"if","locations":[{"start":{"line":40,"column":11},"end":{"line":61,"column":5}},{"start":{"line":46,"column":11},"end":{"line":61,"column":5}}],"line":40},"16":{"loc":{"start":{"line":43,"column":17},"end":{"line":43,"column":43}},"type":"binary-expr","locations":[{"start":{"line":43,"column":17},"end":{"line":43,"column":28}},{"start":{"line":43,"column":32},"end":{"line":43,"column":43}}],"line":43},"17":{"loc":{"start":{"line":44,"column":19},"end":{"line":44,"column":61}},"type":"binary-expr","locations":[{"start":{"line":44,"column":19},"end":{"line":44,"column":31}},{"start":{"line":44,"column":35},"end":{"line":44,"column":61}}],"line":44},"18":{"loc":{"start":{"line":46,"column":11},"end":{"line":61,"column":5}},"type":"if","locations":[{"start":{"line":46,"column":11},"end":{"line":61,"column":5}},{"start":{"line":51,"column":11},"end":{"line":61,"column":5}}],"line":46},"19":{"loc":{"start":{"line":49,"column":17},"end":{"line":49,"column":39}},"type":"binary-expr","locations":[{"start":{"line":49,"column":17},"end":{"line":49,"column":28}},{"start":{"line":49,"column":32},"end":{"line":49,"column":39}}],"line":49},"20":{"loc":{"start":{"line":51,"column":11},"end":{"line":61,"column":5}},"type":"if","locations":[{"start":{"line":51,"column":11},"end":{"line":61,"column":5}},{"start":{"line":56,"column":11},"end":{"line":61,"column":5}}],"line":51},"21":{"loc":{"start":{"line":54,"column":17},"end":{"line":54,"column":39}},"type":"binary-expr","locations":[{"start":{"line":54,"column":17},"end":{"line":54,"column":28}},{"start":{"line":54,"column":32},"end":{"line":54,"column":39}}],"line":54},"22":{"loc":{"start":{"line":59,"column":17},"end":{"line":59,"column":39}},"type":"binary-expr","locations":[{"start":{"line":59,"column":17},"end":{"line":59,"column":28}},{"start":{"line":59,"column":32},"end":{"line":59,"column":39}}],"line":59},"23":{"loc":{"start":{"line":65,"column":4},"end":{"line":69,"column":13}},"type":"cond-expr","locations":[{"start":{"line":66,"column":8},"end":{"line":66,"column":13}},{"start":{"line":67,"column":8},"end":{"line":69,"column":13}}],"line":65},"24":{"loc":{"start":{"line":67,"column":8},"end":{"line":69,"column":13}},"type":"cond-expr","locations":[{"start":{"line":68,"column":8},"end":{"line":68,"column":26}},{"start":{"line":69,"column":8},"end":{"line":69,"column":13}}],"line":67},"25":{"loc":{"start":{"line":67,"column":8},"end":{"line":67,"column":44}},"type":"binary-expr","locations":[{"start":{"line":67,"column":8},"end":{"line":67,"column":26}},{"start":{"line":67,"column":30},"end":{"line":67,"column":44}}],"line":67},"26":{"loc":{"start":{"line":72,"column":4},"end":{"line":76,"column":20}},"type":"cond-expr","locations":[{"start":{"line":73,"column":8},"end":{"line":73,"column":21}},{"start":{"line":74,"column":8},"end":{"line":76,"column":20}}],"line":72},"27":{"loc":{"start":{"line":74,"column":8},"end":{"line":76,"column":20}},"type":"cond-expr","locations":[{"start":{"line":75,"column":8},"end":{"line":75,"column":21}},{"start":{"line":76,"column":8},"end":{"line":76,"column":20}}],"line":74},"28":{"loc":{"start":{"line":77,"column":27},"end":{"line":77,"column":67}},"type":"cond-expr","locations":[{"start":{"line":77,"column":44},"end":{"line":77,"column":58}},{"start":{"line":77,"column":61},"end":{"line":77,"column":67}}],"line":77},"29":{"loc":{"start":{"line":78,"column":23},"end":{"line":78,"column":63}},"type":"cond-expr","locations":[{"start":{"line":78,"column":41},"end":{"line":78,"column":47}},{"start":{"line":78,"column":50},"end":{"line":78,"column":63}}],"line":78},"30":{"loc":{"start":{"line":79,"column":33},"end":{"line":79,"column":60}},"type":"binary-expr","locations":[{"start":{"line":79,"column":33},"end":{"line":79,"column":54}},{"start":{"line":79,"column":58},"end":{"line":79,"column":60}}],"line":79},"31":{"loc":{"start":{"line":81,"column":26},"end":{"line":81,"column":68}},"type":"cond-expr","locations":[{"start":{"line":81,"column":43},"end":{"line":81,"column":56}},{"start":{"line":81,"column":59},"end":{"line":81,"column":68}}],"line":81},"32":{"loc":{"start":{"line":85,"column":6},"end":{"line":94,"column":7}},"type":"if","locations":[{"start":{"line":85,"column":6},"end":{"line":94,"column":7}},{"start":{},"end":{}}],"line":85},"33":{"loc":{"start":{"line":86,"column":8},"end":{"line":89,"column":48}},"type":"binary-expr","locations":[{"start":{"line":86,"column":8},"end":{"line":86,"column":48}},{"start":{"line":87,"column":8},"end":{"line":87,"column":47}},{"start":{"line":88,"column":8},"end":{"line":88,"column":46}},{"start":{"line":89,"column":8},"end":{"line":89,"column":48}}],"line":86}},"s":{"0":1,"1":10,"2":10,"3":10,"4":0,"5":10,"6":1,"7":9,"8":1,"9":8,"10":1,"11":7,"12":1,"13":6,"14":1,"15":5,"16":1,"17":4,"18":1,"19":3,"20":10,"21":10,"22":10,"23":10,"24":10,"25":10,"26":10,"27":4,"28":1,"29":10},"f":{"0":10,"1":10,"2":10,"3":10,"4":10,"5":10,"6":10,"7":10,"8":10,"9":10,"10":10},"b":{"0":[10,10],"1":[10,10],"2":[0,10],"3":[0,0],"4":[1,9],"5":[1,1],"6":[1,8],"7":[1,1],"8":[1,1],"9":[1,7],"10":[1,1],"11":[1,1],"12":[1,6],"13":[1,1],"14":[1,1],"15":[1,5],"16":[1,1],"17":[1,1],"18":[1,4],"19":[1,1],"20":[1,3],"21":[1,1],"22":[3,3],"23":[0,10],"24":[0,10],"25":[10,0],"26":[0,10],"27":[0,10],"28":[0,10],"29":[0,10],"30":[10,10],"31":[0,10],"32":[4,6],"33":[10,9,8,7]},"_coverageSchema":"1a1c01bbd47fc00a2c39e90264f33305004495a9","hash":"182f328f9a7c5ab0f91bca70443b3ff993b93ffe"}
,"F:\\VS Code project\\REACT\\experiments\\react-ui-kit\\src\\components\\Checkbox.tsx": {"path":"F:\\VS Code project\\REACT\\experiments\\react-ui-kit\\src\\components\\Checkbox.tsx","statementMap":{"0":{"start":{"line":6,"column":23},"end":{"line":10,"column":1}},"1":{"start":{"line":12,"column":23},"end":{"line":45,"column":1}},"2":{"start":{"line":14,"column":23},"end":{"line":14,"column":61}},"3":{"start":{"line":24,"column":8},"end":{"line":24,"column":68}},"4":{"start":{"line":26,"column":6},"end":{"line":26,"column":67}},"5":{"start":{"line":38,"column":6},"end":{"line":38,"column":61}},"6":{"start":{"line":39,"column":31},"end":{"line":39,"column":61}},"7":{"start":{"line":43,"column":26},"end":{"line":43,"column":68}},"8":{"start":{"line":47,"column":24},"end":{"line":91,"column":1}},"9":{"start":{"line":51,"column":23},"end":{"line":51,"column":61}},"10":{"start":{"line":57,"column":6},"end":{"line":62,"column":8}},"11":{"start":{"line":66,"column":36},"end":{"line":66,"column":78}},"12":{"start":{"line":69,"column":4},"end":{"line":86,"column":5}},"13":{"start":{"line":70,"column":6},"end":{"line":85,"column":8}},"14":{"start":{"line":89,"column":26},"end":{"line":89,"column":68}},"15":{"start":{"line":92,"column":26},"end":{"line":100,"column":1}},"16":{"start":{"line":117,"column":20},"end":{"line":117,"column":75}},"17":{"start":{"line":118,"column":2},"end":{"line":147,"column":4}},"18":{"start":{"line":139,"column":10},"end":{"line":141,"column":11}},"19":{"start":{"line":140,"column":12},"end":{"line":140,"column":23}}},"fnMap":{"0":{"name":"(anonymous_0)","decl":{"start":{"line":14,"column":11},"end":{"line":14,"column":12}},"loc":{"start":{"line":14,"column":23},"end":{"line":14,"column":61}},"line":14},"1":{"name":"(anonymous_1)","decl":{"start":{"line":23,"column":8},"end":{"line":23,"column":9}},"loc":{"start":{"line":24,"column":8},"end":{"line":24,"column":68}},"line":24},"2":{"name":"(anonymous_2)","decl":{"start":{"line":25,"column":24},"end":{"line":25,"column":25}},"loc":{"start":{"line":26,"column":6},"end":{"line":26,"column":67}},"line":26},"3":{"name":"(anonymous_3)","decl":{"start":{"line":37,"column":24},"end":{"line":37,"column":25}},"loc":{"start":{"line":38,"column":6},"end":{"line":38,"column":61}},"line":38},"4":{"name":"(anonymous_4)","decl":{"start":{"line":39,"column":19},"end":{"line":39,"column":20}},"loc":{"start":{"line":39,"column":31},"end":{"line":39,"column":61}},"line":39},"5":{"name":"(anonymous_5)","decl":{"start":{"line":43,"column":14},"end":{"line":43,"column":15}},"loc":{"start":{"line":43,"column":26},"end":{"line":43,"column":68}},"line":43},"6":{"name":"(anonymous_6)","decl":{"start":{"line":51,"column":11},"end":{"line":51,"column":12}},"loc":{"start":{"line":51,"column":23},"end":{"line":51,"column":61}},"line":51},"7":{"name":"(anonymous_7)","decl":{"start":{"line":56,"column":6},"end":{"line":56,"column":7}},"loc":{"start":{"line":56,"column":17},"end":{"line":63,"column":5}},"line":56},"8":{"name":"(anonymous_8)","decl":{"start":{"line":66,"column":24},"end":{"line":66,"column":25}},"loc":{"start":{"line":66,"column":36},"end":{"line":66,"column":78}},"line":66},"9":{"name":"(anonymous_9)","decl":{"start":{"line":68,"column":4},"end":{"line":68,"column":5}},"loc":{"start":{"line":68,"column":15},"end":{"line":87,"column":3}},"line":68},"10":{"name":"(anonymous_10)","decl":{"start":{"line":89,"column":14},"end":{"line":89,"column":15}},"loc":{"start":{"line":89,"column":26},"end":{"line":89,"column":68}},"line":89},"11":{"name":"Checkbox","decl":{"start":{"line":102,"column":24},"end":{"line":102,"column":32}},"loc":{"start":{"line":116,"column":3},"end":{"line":148,"column":1}},"line":116},"12":{"name":"(anonymous_12)","decl":{"start":{"line":124,"column":41},"end":{"line":124,"column":42}},"loc":{"start":{"line":124,"column":47},"end":{"line":124,"column":49}},"line":124},"13":{"name":"(anonymous_13)","decl":{"start":{"line":136,"column":40},"end":{"line":136,"column":41}},"loc":{"start":{"line":136,"column":46},"end":{"line":136,"column":48}},"line":136},"14":{"name":"(anonymous_14)","decl":{"start":{"line":138,"column":19},"end":{"line":138,"column":20}},"loc":{"start":{"line":138,"column":32},"end":{"line":142,"column":9}},"line":138}},"branchMap":{"0":{"loc":{"start":{"line":14,"column":23},"end":{"line":14,"column":61}},"type":"cond-expr","locations":[{"start":{"line":14,"column":40},"end":{"line":14,"column":51}},{"start":{"line":14,"column":54},"end":{"line":14,"column":61}}],"line":14},"1":{"loc":{"start":{"line":24,"column":8},"end":{"line":24,"column":68}},"type":"cond-expr","locations":[{"start":{"line":24,"column":43},"end":{"line":24,"column":54}},{"start":{"line":24,"column":57},"end":{"line":24,"column":68}}],"line":24},"2":{"loc":{"start":{"line":24,"column":8},"end":{"line":24,"column":40}},"type":"binary-expr","locations":[{"start":{"line":24,"column":8},"end":{"line":24,"column":22}},{"start":{"line":24,"column":26},"end":{"line":24,"column":40}}],"line":24},"3":{"loc":{"start":{"line":26,"column":6},"end":{"line":26,"column":67}},"type":"cond-expr","locations":[{"start":{"line":26,"column":41},"end":{"line":26,"column":57}},{"start":{"line":26,"column":60},"end":{"line":26,"column":67}}],"line":26},"4":{"loc":{"start":{"line":26,"column":6},"end":{"line":26,"column":38}},"type":"binary-expr","locations":[{"start":{"line":26,"column":6},"end":{"line":26,"column":20}},{"start":{"line":26,"column":24},"end":{"line":26,"column":38}}],"line":26},"5":{"loc":{"start":{"line":38,"column":6},"end":{"line":38,"column":61}},"type":"cond-expr","locations":[{"start":{"line":38,"column":41},"end":{"line":38,"column":47}},{"start":{"line":38,"column":50},"end":{"line":38,"column":61}}],"line":38},"6":{"loc":{"start":{"line":38,"column":6},"end":{"line":38,"column":38}},"type":"binary-expr","locations":[{"start":{"line":38,"column":6},"end":{"line":38,"column":20}},{"start":{"line":38,"column":24},"end":{"line":38,"column":38}}],"line":38},"7":{"loc":{"start":{"line":39,"column":31},"end":{"line":39,"column":61}},"type":"cond-expr","locations":[{"start":{"line":39,"column":47},"end":{"line":39,"column":53}},{"start":{"line":39,"column":56},"end":{"line":39,"column":61}}],"line":39},"8":{"loc":{"start":{"line":43,"column":26},"end":{"line":43,"column":68}},"type":"cond-expr","locations":[{"start":{"line":43,"column":43},"end":{"line":43,"column":56}},{"start":{"line":43,"column":59},"end":{"line":43,"column":68}}],"line":43},"9":{"loc":{"start":{"line":51,"column":23},"end":{"line":51,"column":61}},"type":"cond-expr","locations":[{"start":{"line":51,"column":40},"end":{"line":51,"column":51}},{"start":{"line":51,"column":54},"end":{"line":51,"column":61}}],"line":51},"10":{"loc":{"start":{"line":58,"column":8},"end":{"line":61,"column":9}},"type":"binary-expr","locations":[{"start":{"line":58,"column":8},"end":{"line":58,"column":21}},{"start":{"line":59,"column":8},"end":{"line":61,"column":9}}],"line":58},"11":{"loc":{"start":{"line":66,"column":36},"end":{"line":66,"column":78}},"type":"cond-expr","locations":[{"start":{"line":66,"column":53},"end":{"line":66,"column":64}},{"start":{"line":66,"column":67},"end":{"line":66,"column":78}}],"line":66},"12":{"loc":{"start":{"line":69,"column":4},"end":{"line":86,"column":5}},"type":"if","locations":[{"start":{"line":69,"column":4},"end":{"line":86,"column":5}},{"start":{},"end":{}}],"line":69},"13":{"loc":{"start":{"line":72,"column":30},"end":{"line":72,"column":72}},"type":"cond-expr","locations":[{"start":{"line":72,"column":47},"end":{"line":72,"column":58}},{"start":{"line":72,"column":61},"end":{"line":72,"column":72}}],"line":72},"14":{"loc":{"start":{"line":89,"column":26},"end":{"line":89,"column":68}},"type":"cond-expr","locations":[{"start":{"line":89,"column":43},"end":{"line":89,"column":56}},{"start":{"line":89,"column":59},"end":{"line":89,"column":68}}],"line":89},"15":{"loc":{"start":{"line":104,"column":2},"end":{"line":104,"column":16}},"type":"default-arg","locations":[{"start":{"line":104,"column":12},"end":{"line":104,"column":16}}],"line":104},"16":{"loc":{"start":{"line":106,"column":2},"end":{"line":106,"column":21}},"type":"default-arg","locations":[{"start":{"line":106,"column":12},"end":{"line":106,"column":21}}],"line":106},"17":{"loc":{"start":{"line":117,"column":20},"end":{"line":117,"column":75}},"type":"cond-expr","locations":[{"start":{"line":117,"column":43},"end":{"line":117,"column":57}},{"start":{"line":117,"column":60},"end":{"line":117,"column":75}}],"line":117},"18":{"loc":{"start":{"line":124,"column":18},"end":{"line":124,"column":49}},"type":"cond-expr","locations":[{"start":{"line":124,"column":30},"end":{"line":124,"column":38}},{"start":{"line":124,"column":41},"end":{"line":124,"column":49}}],"line":124},"19":{"loc":{"start":{"line":136,"column":17},"end":{"line":136,"column":48}},"type":"cond-expr","locations":[{"start":{"line":136,"column":29},"end":{"line":136,"column":37}},{"start":{"line":136,"column":40},"end":{"line":136,"column":48}}],"line":136},"20":{"loc":{"start":{"line":139,"column":10},"end":{"line":141,"column":11}},"type":"if","locations":[{"start":{"line":139,"column":10},"end":{"line":141,"column":11}},{"start":{},"end":{}}],"line":139},"21":{"loc":{"start":{"line":139,"column":14},"end":{"line":139,"column":69}},"type":"binary-expr","locations":[{"start":{"line":139,"column":14},"end":{"line":139,"column":23}},{"start":{"line":139,"column":28},"end":{"line":139,"column":46}},{"start":{"line":139,"column":50},"end":{"line":139,"column":68}}],"line":139}},"s":{"0":1,"1":1,"2":0,"3":0,"4":0,"5":0,"6":0,"7":0,"8":1,"9":5,"10":5,"11":5,"12":5,"13":5,"14":5,"15":1,"16":5,"17":5,"18":2,"19":2},"f":{"0":0,"1":0,"2":0,"3":0,"4":0,"5":0,"6":5,"7":5,"8":5,"9":5,"10":5,"11":5,"12":0,"13":0,"14":2},"b":{"0":[0,0],"1":[0,0],"2":[0,0],"3":[0,0],"4":[0,0],"5":[0,0],"6":[0,0],"7":[0,0],"8":[0,0],"9":[0,5],"10":[5,0],"11":[0,5],"12":[5,0],"13":[0,5],"14":[0,5],"15":[0],"16":[5],"17":[0,5],"18":[5,0],"19":[5,0],"20":[2,0],"21":[2,2,1]},"_coverageSchema":"1a1c01bbd47fc00a2c39e90264f33305004495a9","hash":"4ab536641fd44f03383fea9aab7c1a4f1234ff54"}
,"F:\\VS Code project\\REACT\\experiments\\react-ui-kit\\src\\components\\Dropdown.tsx": {"path":"F:\\VS Code project\\REACT\\experiments\\react-ui-kit\\src\\components\\Dropdown.tsx","statementMap":{"0":{"start":{"line":6,"column":17},"end":{"line":6,"column":51}},"1":{"start":{"line":8,"column":26},"end":{"line":55,"column":1}},"2":{"start":{"line":15,"column":23},"end":{"line":15,"column":63}},"3":{"start":{"line":17,"column":4},"end":{"line":48,"column":5}},"4":{"start":{"line":19,"column":8},"end":{"line":24,"column":10}},"5":{"start":{"line":26,"column":8},"end":{"line":31,"column":10}},"6":{"start":{"line":33,"column":8},"end":{"line":38,"column":10}},"7":{"start":{"line":40,"column":8},"end":{"line":45,"column":10}},"8":{"start":{"line":47,"column":8},"end":{"line":47,"column":14}},"9":{"start":{"line":51,"column":25},"end":{"line":51,"column":45}},"10":{"start":{"line":53,"column":24},"end":{"line":53,"column":45}},"11":{"start":{"line":77,"column":14},"end":{"line":77,"column":42}},"12":{"start":{"line":78,"column":22},"end":{"line":78,"column":50}},"13":{"start":{"line":79,"column":42},"end":{"line":79,"column":61}},"14":{"start":{"line":80,"column":40},"end":{"line":80,"column":59}},"15":{"start":{"line":82,"column":2},"end":{"line":92,"column":16}},"16":{"start":{"line":83,"column":31},"end":{"line":87,"column":5}},"17":{"start":{"line":84,"column":6},"end":{"line":86,"column":7}},"18":{"start":{"line":85,"column":8},"end":{"line":85,"column":23}},"19":{"start":{"line":88,"column":4},"end":{"line":88,"column":65}},"20":{"start":{"line":89,"column":4},"end":{"line":91,"column":6}},"21":{"start":{"line":90,"column":6},"end":{"line":90,"column":70}},"22":{"start":{"line":94,"column":2},"end":{"line":99,"column":20}},"23":{"start":{"line":95,"column":4},"end":{"line":98,"column":5}},"24":{"start":{"line":96,"column":6},"end":{"line":96,"column":56}},"25":{"start":{"line":97,"column":6},"end":{"line":97,"column":54}},"26":{"start":{"line":101,"column":19},"end":{"line":101,"column":61}},"27":{"start":{"line":103,"column":2},"end":{"line":152,"column":4}},"28":{"start":{"line":122,"column":10},"end":{"line":122,"column":27}},"29":{"start":{"line":125,"column":10},"end":{"line":127,"column":11}},"30":{"start":{"line":126,"column":12},"end":{"line":126,"column":29}}},"fnMap":{"0":{"name":"(anonymous_0)","decl":{"start":{"line":15,"column":11},"end":{"line":15,"column":12}},"loc":{"start":{"line":15,"column":23},"end":{"line":15,"column":63}},"line":15},"1":{"name":"(anonymous_1)","decl":{"start":{"line":16,"column":4},"end":{"line":16,"column":5}},"loc":{"start":{"line":16,"column":15},"end":{"line":49,"column":3}},"line":16},"2":{"name":"(anonymous_2)","decl":{"start":{"line":51,"column":13},"end":{"line":51,"column":14}},"loc":{"start":{"line":51,"column":25},"end":{"line":51,"column":45}},"line":51},"3":{"name":"(anonymous_3)","decl":{"start":{"line":53,"column":12},"end":{"line":53,"column":13}},"loc":{"start":{"line":53,"column":24},"end":{"line":53,"column":45}},"line":53},"4":{"name":"Dropdown","decl":{"start":{"line":57,"column":24},"end":{"line":57,"column":32}},"loc":{"start":{"line":76,"column":3},"end":{"line":153,"column":1}},"line":76},"5":{"name":"(anonymous_5)","decl":{"start":{"line":82,"column":12},"end":{"line":82,"column":13}},"loc":{"start":{"line":82,"column":18},"end":{"line":92,"column":3}},"line":82},"6":{"name":"(anonymous_6)","decl":{"start":{"line":83,"column":31},"end":{"line":83,"column":32}},"loc":{"start":{"line":83,"column":47},"end":{"line":87,"column":5}},"line":83},"7":{"name":"(anonymous_7)","decl":{"start":{"line":89,"column":11},"end":{"line":89,"column":12}},"loc":{"start":{"line":89,"column":17},"end":{"line":91,"column":5}},"line":89},"8":{"name":"(anonymous_8)","decl":{"start":{"line":94,"column":12},"end":{"line":94,"column":13}},"loc":{"start":{"line":94,"column":18},"end":{"line":99,"column":3}},"line":94},"9":{"name":"(anonymous_9)","decl":{"start":{"line":121,"column":17},"end":{"line":121,"column":18}},"loc":{"start":{"line":121,"column":23},"end":{"line":123,"column":9}},"line":121},"10":{"name":"(anonymous_10)","decl":{"start":{"line":124,"column":19},"end":{"line":124,"column":20}},"loc":{"start":{"line":124,"column":31},"end":{"line":128,"column":9}},"line":124}},"branchMap":{"0":{"loc":{"start":{"line":15,"column":23},"end":{"line":15,"column":63}},"type":"cond-expr","locations":[{"start":{"line":15,"column":41},"end":{"line":15,"column":47}},{"start":{"line":15,"column":50},"end":{"line":15,"column":63}}],"line":15},"1":{"loc":{"start":{"line":17,"column":4},"end":{"line":48,"column":5}},"type":"switch","locations":[{"start":{"line":18,"column":6},"end":{"line":24,"column":10}},{"start":{"line":25,"column":6},"end":{"line":31,"column":10}},{"start":{"line":32,"column":6},"end":{"line":38,"column":10}},{"start":{"line":39,"column":6},"end":{"line":45,"column":10}},{"start":{"line":46,"column":6},"end":{"line":47,"column":14}}],"line":17},"2":{"loc":{"start":{"line":51,"column":25},"end":{"line":51,"column":45}},"type":"cond-expr","locations":[{"start":{"line":51,"column":40},"end":{"line":51,"column":41}},{"start":{"line":51,"column":44},"end":{"line":51,"column":45}}],"line":51},"3":{"loc":{"start":{"line":53,"column":24},"end":{"line":53,"column":45}},"type":"cond-expr","locations":[{"start":{"line":53,"column":39},"end":{"line":53,"column":41}},{"start":{"line":53,"column":44},"end":{"line":53,"column":45}}],"line":53},"4":{"loc":{"start":{"line":62,"column":2},"end":{"line":62,"column":21}},"type":"default-arg","locations":[{"start":{"line":62,"column":13},"end":{"line":62,"column":21}}],"line":62},"5":{"loc":{"start":{"line":64,"column":2},"end":{"line":64,"column":19}},"type":"default-arg","locations":[{"start":{"line":64,"column":14},"end":{"line":64,"column":19}}],"line":64},"6":{"loc":{"start":{"line":84,"column":6},"end":{"line":86,"column":7}},"type":"if","locations":[{"start":{"line":84,"column":6},"end":{"line":86,"column":7}},{"start":{},"end":{}}],"line":84},"7":{"loc":{"start":{"line":84,"column":10},"end":{"line":84,"column":60}},"type":"binary-expr","locations":[{"start":{"line":84,"column":10},"end":{"line":84,"column":21}},{"start":{"line":84,"column":25},"end":{"line":84,"column":60}}],"line":84},"8":{"loc":{"start":{"line":95,"column":4},"end":{"line":98,"column":5}},"type":"if","locations":[{"start":{"line":95,"column":4},"end":{"line":98,"column":5}},{"start":{},"end":{}}],"line":95},"9":{"loc":{"start":{"line":101,"column":19},"end":{"line":101,"column":61}},"type":"cond-expr","locations":[{"start":{"line":101,"column":28},"end":{"line":101,"column":44}},{"start":{"line":101,"column":47},"end":{"line":101,"column":61}}],"line":101},"10":{"loc":{"start":{"line":108,"column":15},"end":{"line":108,"column":49}},"type":"cond-expr","locations":[{"start":{"line":108,"column":27},"end":{"line":108,"column":33}},{"start":{"line":108,"column":36},"end":{"line":108,"column":49}}],"line":108},"11":{"loc":{"start":{"line":119,"column":14},"end":{"line":119,"column":32}},"type":"binary-expr","locations":[{"start":{"line":119,"column":14},"end":{"line":119,"column":26}},{"start":{"line":119,"column":30},"end":{"line":119,"column":32}}],"line":119},"12":{"loc":{"start":{"line":125,"column":10},"end":{"line":127,"column":11}},"type":"if","locations":[{"start":{"line":125,"column":10},"end":{"line":127,"column":11}},{"start":{},"end":{}}],"line":125},"13":{"loc":{"start":{"line":140,"column":10},"end":{"line":142,"column":25}},"type":"cond-expr","locations":[{"start":{"line":141,"column":14},"end":{"line":141,"column":26}},{"start":{"line":142,"column":14},"end":{"line":142,"column":25}}],"line":140},"14":{"loc":{"start":{"line":140,"column":10},"end":{"line":140,"column":53}},"type":"binary-expr","locations":[{"start":{"line":140,"column":10},"end":{"line":140,"column":29}},{"start":{"line":140,"column":33},"end":{"line":140,"column":53}}],"line":140}},"s":{"0":0,"1":0,"2":0,"3":0,"4":0,"5":0,"6":0,"7":0,"8":0,"9":0,"10":0,"11":0,"12":0,"13":0,"14":0,"15":0,"16":0,"17":0,"18":0,"19":0,"20":0,"21":0,"22":0,"23":0,"24":0,"25":0,"26":0,"27":0,"28":0,"29":0,"30":0},"f":{"0":0,"1":0,"2":0,"3":0,"4":0,"5":0,"6":0,"7":0,"8":0,"9":0,"10":0},"b":{"0":[0,0],"1":[0,0,0,0,0],"2":[0,0],"3":[0,0],"4":[0],"5":[0],"6":[0,0],"7":[0,0],"8":[0,0],"9":[0,0],"10":[0,0],"11":[0,0],"12":[0,0],"13":[0,0],"14":[0,0]}}
,"F:\\VS Code project\\REACT\\experiments\\react-ui-kit\\src\\components\\Modal.tsx": {"path":"F:\\VS Code project\\REACT\\experiments\\react-ui-kit\\src\\components\\Modal.tsx","statementMap":{"0":{"start":{"line":4,"column":20},"end":{"line":14,"column":1}},"1":{"start":{"line":5,"column":24},"end":{"line":5,"column":52}},"2":{"start":{"line":25,"column":20},"end":{"line":31,"column":3}},"3":{"start":{"line":26,"column":4},"end":{"line":30,"column":5}},"4":{"start":{"line":27,"column":6},"end":{"line":27,"column":46}},"5":{"start":{"line":29,"column":6},"end":{"line":29,"column":46}},"6":{"start":{"line":32,"column":2},"end":{"line":34,"column":13}},"7":{"start":{"line":33,"column":4},"end":{"line":33,"column":16}},"8":{"start":{"line":36,"column":2},"end":{"line":46,"column":4}},"9":{"start":{"line":39,"column":8},"end":{"line":39,"column":23}},"10":{"start":{"line":40,"column":8},"end":{"line":40,"column":28}}},"fnMap":{"0":{"name":"(anonymous_0)","decl":{"start":{"line":5,"column":13},"end":{"line":5,"column":14}},"loc":{"start":{"line":5,"column":24},"end":{"line":5,"column":52}},"line":5},"1":{"name":"Modal","decl":{"start":{"line":16,"column":24},"end":{"line":16,"column":29}},"loc":{"start":{"line":24,"column":3},"end":{"line":47,"column":1}},"line":24},"2":{"name":"(anonymous_2)","decl":{"start":{"line":25,"column":20},"end":{"line":25,"column":21}},"loc":{"start":{"line":25,"column":26},"end":{"line":31,"column":3}},"line":25},"3":{"name":"(anonymous_3)","decl":{"start":{"line":32,"column":12},"end":{"line":32,"column":13}},"loc":{"start":{"line":32,"column":18},"end":{"line":34,"column":3}},"line":32},"4":{"name":"(anonymous_4)","decl":{"start":{"line":38,"column":15},"end":{"line":38,"column":16}},"loc":{"start":{"line":38,"column":22},"end":{"line":41,"column":7}},"line":38}},"branchMap":{"0":{"loc":{"start":{"line":5,"column":24},"end":{"line":5,"column":52}},"type":"cond-expr","locations":[{"start":{"line":5,"column":36},"end":{"line":5,"column":43}},{"start":{"line":5,"column":46},"end":{"line":5,"column":52}}],"line":5},"1":{"loc":{"start":{"line":26,"column":4},"end":{"line":30,"column":5}},"type":"if","locations":[{"start":{"line":26,"column":4},"end":{"line":30,"column":5}},{"start":{"line":28,"column":11},"end":{"line":30,"column":5}}],"line":26}},"s":{"0":0,"1":0,"2":0,"3":0,"4":0,"5":0,"6":0,"7":0,"8":0,"9":0,"10":0},"f":{"0":0,"1":0,"2":0,"3":0,"4":0},"b":{"0":[0,0],"1":[0,0]}}
,"F:\\VS Code project\\REACT\\experiments\\react-ui-kit\\src\\components\\Pagination.tsx": {"path":"F:\\VS Code project\\REACT\\experiments\\react-ui-kit\\src\\components\\Pagination.tsx","statementMap":{"0":{"start":{"line":10,"column":20},"end":{"line":12,"column":33}},"1":{"start":{"line":12,"column":23},"end":{"line":12,"column":32}},"2":{"start":{"line":14,"column":44},"end":{"line":14,"column":63}},"3":{"start":{"line":15,"column":60},"end":{"line":17,"column":3}},"4":{"start":{"line":19,"column":2},"end":{"line":21,"column":9}},"5":{"start":{"line":20,"column":4},"end":{"line":20,"column":62}},"6":{"start":{"line":23,"column":2},"end":{"line":25,"column":22}},"7":{"start":{"line":24,"column":4},"end":{"line":24,"column":31}},"8":{"start":{"line":27,"column":16},"end":{"line":48,"column":4}},"9":{"start":{"line":28,"column":28},"end":{"line":28,"column":54}},"10":{"start":{"line":29,"column":4},"end":{"line":47,"column":6}},"11":{"start":{"line":32,"column":25},"end":{"line":32,"column":51}},"12":{"start":{"line":50,"column":32},"end":{"line":69,"column":3}},"13":{"start":{"line":51,"column":4},"end":{"line":53,"column":5}},"14":{"start":{"line":52,"column":6},"end":{"line":52,"column":57}},"15":{"start":{"line":54,"column":4},"end":{"line":61,"column":5}},"16":{"start":{"line":55,"column":6},"end":{"line":60,"column":8}},"17":{"start":{"line":63,"column":4},"end":{"line":68,"column":5}},"18":{"start":{"line":64,"column":6},"end":{"line":64,"column":45}},"19":{"start":{"line":65,"column":6},"end":{"line":65,"column":55}},"20":{"start":{"line":67,"column":6},"end":{"line":67,"column":42}},"21":{"start":{"line":71,"column":28},"end":{"line":95,"column":3}},"22":{"start":{"line":72,"column":4},"end":{"line":82,"column":5}},"23":{"start":{"line":76,"column":6},"end":{"line":81,"column":8}},"24":{"start":{"line":83,"column":4},"end":{"line":94,"column":5}},"25":{"start":{"line":84,"column":6},"end":{"line":90,"column":8}},"26":{"start":{"line":91,"column":6},"end":{"line":91,"column":26}},"27":{"start":{"line":93,"column":6},"end":{"line":93,"column":42}},"28":{"start":{"line":97,"column":2},"end":{"line":252,"column":4}},"29":{"start":{"line":104,"column":14},"end":{"line":104,"column":34}},"30":{"start":{"line":105,"column":14},"end":{"line":105,"column":65}},"31":{"start":{"line":142,"column":16},"end":{"line":142,"column":43}},"32":{"start":{"line":143,"column":16},"end":{"line":148,"column":18}},"33":{"start":{"line":149,"column":16},"end":{"line":149,"column":36}},"34":{"start":{"line":150,"column":16},"end":{"line":150,"column":63}},"35":{"start":{"line":170,"column":16},"end":{"line":170,"column":39}},"36":{"start":{"line":171,"column":16},"end":{"line":197,"column":17}},"37":{"start":{"line":175,"column":18},"end":{"line":175,"column":38}},"38":{"start":{"line":176,"column":18},"end":{"line":176,"column":56}},"39":{"start":{"line":177,"column":18},"end":{"line":180,"column":20}},"40":{"start":{"line":181,"column":18},"end":{"line":187,"column":20}},"41":{"start":{"line":188,"column":18},"end":{"line":190,"column":20}},"42":{"start":{"line":192,"column":18},"end":{"line":192,"column":40}},"43":{"start":{"line":193,"column":18},"end":{"line":195,"column":20}},"44":{"start":{"line":196,"column":18},"end":{"line":196,"column":54}},"45":{"start":{"line":233,"column":14},"end":{"line":233,"column":53}},"46":{"start":{"line":234,"column":14},"end":{"line":234,"column":63}}},"fnMap":{"0":{"name":"Pagination","decl":{"start":{"line":3,"column":9},"end":{"line":3,"column":19}},"loc":{"start":{"line":9,"column":3},"end":{"line":253,"column":1}},"line":9},"1":{"name":"(anonymous_1)","decl":{"start":{"line":12,"column":9},"end":{"line":12,"column":10}},"loc":{"start":{"line":12,"column":23},"end":{"line":12,"column":32}},"line":12},"2":{"name":"(anonymous_2)","decl":{"start":{"line":19,"column":12},"end":{"line":19,"column":13}},"loc":{"start":{"line":19,"column":18},"end":{"line":21,"column":3}},"line":19},"3":{"name":"(anonymous_3)","decl":{"start":{"line":23,"column":12},"end":{"line":23,"column":13}},"loc":{"start":{"line":23,"column":18},"end":{"line":25,"column":3}},"line":23},"4":{"name":"(anonymous_4)","decl":{"start":{"line":27,"column":42},"end":{"line":27,"column":43}},"loc":{"start":{"line":27,"column":59},"end":{"line":48,"column":3}},"line":27},"5":{"name":"(anonymous_5)","decl":{"start":{"line":32,"column":19},"end":{"line":32,"column":20}},"loc":{"start":{"line":32,"column":25},"end":{"line":32,"column":51}},"line":32},"6":{"name":"(anonymous_6)","decl":{"start":{"line":50,"column":32},"end":{"line":50,"column":33}},"loc":{"start":{"line":50,"column":38},"end":{"line":69,"column":3}},"line":50},"7":{"name":"(anonymous_7)","decl":{"start":{"line":71,"column":28},"end":{"line":71,"column":29}},"loc":{"start":{"line":71,"column":34},"end":{"line":95,"column":3}},"line":71},"8":{"name":"(anonymous_8)","decl":{"start":{"line":103,"column":21},"end":{"line":103,"column":22}},"loc":{"start":{"line":103,"column":27},"end":{"line":106,"column":13}},"line":103},"9":{"name":"(anonymous_9)","decl":{"start":{"line":141,"column":23},"end":{"line":141,"column":24}},"loc":{"start":{"line":141,"column":29},"end":{"line":151,"column":15}},"line":141},"10":{"name":"(anonymous_10)","decl":{"start":{"line":169,"column":23},"end":{"line":169,"column":24}},"loc":{"start":{"line":169,"column":29},"end":{"line":198,"column":15}},"line":169},"11":{"name":"(anonymous_11)","decl":{"start":{"line":232,"column":21},"end":{"line":232,"column":22}},"loc":{"start":{"line":232,"column":27},"end":{"line":235,"column":13}},"line":232}},"branchMap":{"0":{"loc":{"start":{"line":4,"column":2},"end":{"line":4,"column":11}},"type":"default-arg","locations":[{"start":{"line":4,"column":10},"end":{"line":4,"column":11}}],"line":4},"1":{"loc":{"start":{"line":5,"column":2},"end":{"line":5,"column":10}},"type":"default-arg","locations":[{"start":{"line":5,"column":9},"end":{"line":5,"column":10}}],"line":5},"2":{"loc":{"start":{"line":34,"column":29},"end":{"line":34,"column":58}},"type":"cond-expr","locations":[{"start":{"line":34,"column":47},"end":{"line":34,"column":53}},{"start":{"line":34,"column":56},"end":{"line":34,"column":58}}],"line":34},"3":{"loc":{"start":{"line":35,"column":19},"end":{"line":35,"column":54}},"type":"cond-expr","locations":[{"start":{"line":35,"column":37},"end":{"line":35,"column":44}},{"start":{"line":35,"column":47},"end":{"line":35,"column":54}}],"line":35},"4":{"loc":{"start":{"line":51,"column":4},"end":{"line":53,"column":5}},"type":"if","locations":[{"start":{"line":51,"column":4},"end":{"line":53,"column":5}},{"start":{},"end":{}}],"line":51},"5":{"loc":{"start":{"line":54,"column":4},"end":{"line":61,"column":5}},"type":"if","locations":[{"start":{"line":54,"column":4},"end":{"line":61,"column":5}},{"start":{},"end":{}}],"line":54},"6":{"loc":{"start":{"line":54,"column":8},"end":{"line":54,"column":69}},"type":"binary-expr","locations":[{"start":{"line":54,"column":8},"end":{"line":54,"column":48}},{"start":{"line":54,"column":52},"end":{"line":54,"column":69}}],"line":54},"7":{"loc":{"start":{"line":63,"column":4},"end":{"line":68,"column":5}},"type":"if","locations":[{"start":{"line":63,"column":4},"end":{"line":68,"column":5}},{"start":{"line":66,"column":11},"end":{"line":68,"column":5}}],"line":63},"8":{"loc":{"start":{"line":63,"column":8},"end":{"line":63,"column":77}},"type":"binary-expr","locations":[{"start":{"line":63,"column":8},"end":{"line":63,"column":54}},{"start":{"line":63,"column":58},"end":{"line":63,"column":77}}],"line":63},"9":{"loc":{"start":{"line":72,"column":4},"end":{"line":82,"column":5}},"type":"if","locations":[{"start":{"line":72,"column":4},"end":{"line":82,"column":5}},{"start":{},"end":{}}],"line":72},"10":{"loc":{"start":{"line":83,"column":4},"end":{"line":94,"column":5}},"type":"if","locations":[{"start":{"line":83,"column":4},"end":{"line":94,"column":5}},{"start":{"line":92,"column":11},"end":{"line":94,"column":5}}],"line":83},"11":{"loc":{"start":{"line":138,"column":9},"end":{"line":163,"column":9}},"type":"binary-expr","locations":[{"start":{"line":138,"column":9},"end":{"line":138,"column":30}},{"start":{"line":139,"column":10},"end":{"line":162,"column":15}}],"line":138},"12":{"loc":{"start":{"line":166,"column":9},"end":{"line":210,"column":9}},"type":"binary-expr","locations":[{"start":{"line":166,"column":9},"end":{"line":166,"column":60}},{"start":{"line":167,"column":10},"end":{"line":209,"column":15}}],"line":166},"13":{"loc":{"start":{"line":171,"column":16},"end":{"line":197,"column":17}},"type":"if","locations":[{"start":{"line":171,"column":16},"end":{"line":197,"column":17}},{"start":{"line":191,"column":23},"end":{"line":197,"column":17}}],"line":171}},"s":{"0":0,"1":0,"2":0,"3":0,"4":0,"5":0,"6":0,"7":0,"8":0,"9":0,"10":0,"11":0,"12":0,"13":0,"14":0,"15":0,"16":0,"17":0,"18":0,"19":0,"20":0,"21":0,"22":0,"23":0,"24":0,"25":0,"26":0,"27":0,"28":0,"29":0,"30":0,"31":0,"32":0,"33":0,"34":0,"35":0,"36":0,"37":0,"38":0,"39":0,"40":0,"41":0,"42":0,"43":0,"44":0,"45":0,"46":0},"f":{"0":0,"1":0,"2":0,"3":0,"4":0,"5":0,"6":0,"7":0,"8":0,"9":0,"10":0,"11":0},"b":{"0":[0],"1":[0],"2":[0,0],"3":[0,0],"4":[0,0],"5":[0,0],"6":[0,0],"7":[0,0],"8":[0,0],"9":[0,0],"10":[0,0],"11":[0,0],"12":[0,0],"13":[0,0]}}
,"F:\\VS Code project\\REACT\\experiments\\react-ui-kit\\src\\stories\\Badge.stories.tsx": {"path":"F:\\VS Code project\\REACT\\experiments\\react-ui-kit\\src\\stories\\Badge.stories.tsx","statementMap":{"0":{"start":{"line":23,"column":47},"end":{"line":23,"column":76}},"1":{"start":{"line":23,"column":57},"end":{"line":23,"column":76}},"2":{"start":{"line":25,"column":29},"end":{"line":25,"column":46}},"3":{"start":{"line":27,"column":0},"end":{"line":30,"column":2}}},"fnMap":{"0":{"name":"(anonymous_0)","decl":{"start":{"line":23,"column":47},"end":{"line":23,"column":48}},"loc":{"start":{"line":23,"column":57},"end":{"line":23,"column":76}},"line":23}},"branchMap":{},"s":{"0":0,"1":0,"2":0,"3":0},"f":{"0":0},"b":{}}
,"F:\\VS Code project\\REACT\\experiments\\react-ui-kit\\src\\stories\\Button.stories.tsx": {"path":"F:\\VS Code project\\REACT\\experiments\\react-ui-kit\\src\\stories\\Button.stories.tsx","statementMap":{"0":{"start":{"line":17,"column":48},"end":{"line":17,"column":78}},"1":{"start":{"line":17,"column":58},"end":{"line":17,"column":78}},"2":{"start":{"line":19,"column":23},"end":{"line":19,"column":40}},"3":{"start":{"line":21,"column":0},"end":{"line":24,"column":2}},"4":{"start":{"line":26,"column":25},"end":{"line":26,"column":42}},"5":{"start":{"line":27,"column":0},"end":{"line":29,"column":2}},"6":{"start":{"line":31,"column":21},"end":{"line":31,"column":38}},"7":{"start":{"line":32,"column":0},"end":{"line":35,"column":2}},"8":{"start":{"line":37,"column":21},"end":{"line":37,"column":38}},"9":{"start":{"line":38,"column":0},"end":{"line":41,"column":2}}},"fnMap":{"0":{"name":"(anonymous_0)","decl":{"start":{"line":17,"column":48},"end":{"line":17,"column":49}},"loc":{"start":{"line":17,"column":58},"end":{"line":17,"column":78}},"line":17}},"branchMap":{},"s":{"0":0,"1":0,"2":0,"3":0,"4":0,"5":0,"6":0,"7":0,"8":0,"9":0},"f":{"0":0},"b":{}}
,"F:\\VS Code project\\REACT\\experiments\\react-ui-kit\\src\\stories\\Button.tsx": {"path":"F:\\VS Code project\\REACT\\experiments\\react-ui-kit\\src\\stories\\Button.tsx","statementMap":{"0":{"start":{"line":30,"column":22},"end":{"line":48,"column":1}},"1":{"start":{"line":37,"column":15},"end":{"line":37,"column":84}},"2":{"start":{"line":38,"column":2},"end":{"line":47,"column":4}}},"fnMap":{"0":{"name":"(anonymous_0)","decl":{"start":{"line":30,"column":22},"end":{"line":30,"column":23}},"loc":{"start":{"line":36,"column":19},"end":{"line":48,"column":1}},"line":36}},"branchMap":{"0":{"loc":{"start":{"line":31,"column":2},"end":{"line":31,"column":17}},"type":"default-arg","locations":[{"start":{"line":31,"column":12},"end":{"line":31,"column":17}}],"line":31},"1":{"loc":{"start":{"line":32,"column":2},"end":{"line":32,"column":17}},"type":"default-arg","locations":[{"start":{"line":32,"column":9},"end":{"line":32,"column":17}}],"line":32},"2":{"loc":{"start":{"line":37,"column":15},"end":{"line":37,"column":84}},"type":"cond-expr","locations":[{"start":{"line":37,"column":25},"end":{"line":37,"column":52}},{"start":{"line":37,"column":55},"end":{"line":37,"column":84}}],"line":37}},"s":{"0":0,"1":0,"2":0},"f":{"0":0},"b":{"0":[0],"1":[0],"2":[0,0]}}
,"F:\\VS Code project\\REACT\\experiments\\react-ui-kit\\src\\stories\\Checkbox.stories.tsx": {"path":"F:\\VS Code project\\REACT\\experiments\\react-ui-kit\\src\\stories\\Checkbox.stories.tsx","statementMap":{"0":{"start":{"line":27,"column":50},"end":{"line":29,"column":1}},"1":{"start":{"line":28,"column":2},"end":{"line":28,"column":24}},"2":{"start":{"line":31,"column":29},"end":{"line":31,"column":46}},"3":{"start":{"line":33,"column":0},"end":{"line":37,"column":2}},"4":{"start":{"line":35,"column":18},"end":{"line":35,"column":32}}},"fnMap":{"0":{"name":"(anonymous_0)","decl":{"start":{"line":27,"column":50},"end":{"line":27,"column":51}},"loc":{"start":{"line":28,"column":2},"end":{"line":28,"column":24}},"line":28},"1":{"name":"(anonymous_1)","decl":{"start":{"line":35,"column":12},"end":{"line":35,"column":13}},"loc":{"start":{"line":35,"column":18},"end":{"line":35,"column":32}},"line":35}},"branchMap":{},"s":{"0":0,"1":0,"2":0,"3":0,"4":0},"f":{"0":0,"1":0},"b":{}}
,"F:\\VS Code project\\REACT\\experiments\\react-ui-kit\\src\\stories\\Dropdown.stories.tsx": {"path":"F:\\VS Code project\\REACT\\experiments\\react-ui-kit\\src\\stories\\Dropdown.stories.tsx","statementMap":{"0":{"start":{"line":14,"column":50},"end":{"line":23,"column":1}},"1":{"start":{"line":15,"column":26},"end":{"line":15,"column":50}},"2":{"start":{"line":16,"column":2},"end":{"line":22,"column":4}},"3":{"start":{"line":24,"column":23},"end":{"line":24,"column":40}},"4":{"start":{"line":27,"column":0},"end":{"line":29,"column":2}}},"fnMap":{"0":{"name":"(anonymous_0)","decl":{"start":{"line":14,"column":50},"end":{"line":14,"column":51}},"loc":{"start":{"line":14,"column":60},"end":{"line":23,"column":1}},"line":14}},"branchMap":{},"s":{"0":0,"1":0,"2":0,"3":0,"4":0},"f":{"0":0},"b":{}}
,"F:\\VS Code project\\REACT\\experiments\\react-ui-kit\\src\\stories\\Header.stories.tsx": {"path":"F:\\VS Code project\\REACT\\experiments\\react-ui-kit\\src\\stories\\Header.stories.tsx","statementMap":{"0":{"start":{"line":15,"column":48},"end":{"line":15,"column":78}},"1":{"start":{"line":15,"column":58},"end":{"line":15,"column":78}},"2":{"start":{"line":17,"column":24},"end":{"line":17,"column":41}},"3":{"start":{"line":18,"column":0},"end":{"line":22,"column":2}},"4":{"start":{"line":24,"column":25},"end":{"line":24,"column":42}},"5":{"start":{"line":25,"column":0},"end":{"line":25,"column":20}}},"fnMap":{"0":{"name":"(anonymous_0)","decl":{"start":{"line":15,"column":48},"end":{"line":15,"column":49}},"loc":{"start":{"line":15,"column":58},"end":{"line":15,"column":78}},"line":15}},"branchMap":{},"s":{"0":0,"1":0,"2":0,"3":0,"4":0,"5":0},"f":{"0":0},"b":{}}
,"F:\\VS Code project\\REACT\\experiments\\react-ui-kit\\src\\stories\\Header.tsx": {"path":"F:\\VS Code project\\REACT\\experiments\\react-ui-kit\\src\\stories\\Header.tsx","statementMap":{"0":{"start":{"line":17,"column":22},"end":{"line":56,"column":1}},"1":{"start":{"line":18,"column":2},"end":{"line":55,"column":11}}},"fnMap":{"0":{"name":"(anonymous_0)","decl":{"start":{"line":17,"column":22},"end":{"line":17,"column":23}},"loc":{"start":{"line":18,"column":2},"end":{"line":55,"column":11}},"line":18}},"branchMap":{"0":{"loc":{"start":{"line":40,"column":9},"end":{"line":52,"column":9}},"type":"cond-expr","locations":[{"start":{"line":41,"column":10},"end":{"line":46,"column":13}},{"start":{"line":48,"column":10},"end":{"line":51,"column":13}}],"line":40}},"s":{"0":0,"1":0},"f":{"0":0},"b":{"0":[0,0]}}
,"F:\\VS Code project\\REACT\\experiments\\react-ui-kit\\src\\stories\\Modal.stories.tsx": {"path":"F:\\VS Code project\\REACT\\experiments\\react-ui-kit\\src\\stories\\Modal.stories.tsx","statementMap":{"0":{"start":{"line":14,"column":47},"end":{"line":18,"column":1}},"1":{"start":{"line":15,"column":2},"end":{"line":17,"column":10}},"2":{"start":{"line":20,"column":29},"end":{"line":20,"column":46}},"3":{"start":{"line":22,"column":0},"end":{"line":24,"column":2}}},"fnMap":{"0":{"name":"(anonymous_0)","decl":{"start":{"line":14,"column":47},"end":{"line":14,"column":48}},"loc":{"start":{"line":15,"column":2},"end":{"line":17,"column":10}},"line":15}},"branchMap":{},"s":{"0":0,"1":0,"2":0,"3":0},"f":{"0":0},"b":{}}
,"F:\\VS Code project\\REACT\\experiments\\react-ui-kit\\src\\stories\\MyButton.stories.tsx": {"path":"F:\\VS Code project\\REACT\\experiments\\react-ui-kit\\src\\stories\\MyButton.stories.tsx","statementMap":{"0":{"start":{"line":61,"column":48},"end":{"line":61,"column":78}},"1":{"start":{"line":61,"column":58},"end":{"line":61,"column":78}},"2":{"start":{"line":63,"column":29},"end":{"line":63,"column":46}},"3":{"start":{"line":65,"column":0},"end":{"line":67,"column":2}}},"fnMap":{"0":{"name":"(anonymous_0)","decl":{"start":{"line":61,"column":48},"end":{"line":61,"column":49}},"loc":{"start":{"line":61,"column":58},"end":{"line":61,"column":78}},"line":61}},"branchMap":{},"s":{"0":1,"1":10,"2":1,"3":1},"f":{"0":10},"b":{},"_coverageSchema":"1a1c01bbd47fc00a2c39e90264f33305004495a9","hash":"69b393e1cead5ff8997e587fae3db92c0442a268"}
,"F:\\VS Code project\\REACT\\experiments\\react-ui-kit\\src\\stories\\Page.stories.tsx": {"path":"F:\\VS Code project\\REACT\\experiments\\react-ui-kit\\src\\stories\\Page.stories.tsx","statementMap":{"0":{"start":{"line":15,"column":46},"end":{"line":15,"column":74}},"1":{"start":{"line":15,"column":56},"end":{"line":15,"column":74}},"2":{"start":{"line":17,"column":25},"end":{"line":17,"column":42}},"3":{"start":{"line":19,"column":24},"end":{"line":19,"column":41}},"4":{"start":{"line":22,"column":0},"end":{"line":26,"column":2}},"5":{"start":{"line":23,"column":17},"end":{"line":23,"column":38}},"6":{"start":{"line":24,"column":22},"end":{"line":24,"column":75}},"7":{"start":{"line":25,"column":2},"end":{"line":25,"column":37}}},"fnMap":{"0":{"name":"(anonymous_0)","decl":{"start":{"line":15,"column":46},"end":{"line":15,"column":47}},"loc":{"start":{"line":15,"column":56},"end":{"line":15,"column":74}},"line":15},"1":{"name":"(anonymous_1)","decl":{"start":{"line":22,"column":16},"end":{"line":22,"column":17}},"loc":{"start":{"line":22,"column":45},"end":{"line":26,"column":1}},"line":22}},"branchMap":{},"s":{"0":0,"1":0,"2":0,"3":0,"4":0,"5":0,"6":0,"7":0},"f":{"0":0,"1":0},"b":{}}
,"F:\\VS Code project\\REACT\\experiments\\react-ui-kit\\src\\stories\\Page.tsx": {"path":"F:\\VS Code project\\REACT\\experiments\\react-ui-kit\\src\\stories\\Page.tsx","statementMap":{"0":{"start":{"line":10,"column":31},"end":{"line":73,"column":1}},"1":{"start":{"line":11,"column":26},"end":{"line":11,"column":48}},"2":{"start":{"line":13,"column":2},"end":{"line":72,"column":4}},"3":{"start":{"line":17,"column":23},"end":{"line":17,"column":52}},"4":{"start":{"line":18,"column":24},"end":{"line":18,"column":42}},"5":{"start":{"line":19,"column":31},"end":{"line":19,"column":60}}},"fnMap":{"0":{"name":"(anonymous_0)","decl":{"start":{"line":10,"column":31},"end":{"line":10,"column":32}},"loc":{"start":{"line":10,"column":37},"end":{"line":73,"column":1}},"line":10},"1":{"name":"(anonymous_1)","decl":{"start":{"line":17,"column":17},"end":{"line":17,"column":18}},"loc":{"start":{"line":17,"column":23},"end":{"line":17,"column":52}},"line":17},"2":{"name":"(anonymous_2)","decl":{"start":{"line":18,"column":18},"end":{"line":18,"column":19}},"loc":{"start":{"line":18,"column":24},"end":{"line":18,"column":42}},"line":18},"3":{"name":"(anonymous_3)","decl":{"start":{"line":19,"column":25},"end":{"line":19,"column":26}},"loc":{"start":{"line":19,"column":31},"end":{"line":19,"column":60}},"line":19}},"branchMap":{},"s":{"0":0,"1":0,"2":0,"3":0,"4":0,"5":0},"f":{"0":0,"1":0,"2":0,"3":0},"b":{}}
}
