TN:
SF:src\App.tsx
FN:73,App
FN:81,(anonymous_1)
FN:82,(anonymous_2)
FN:164,(anonymous_3)
FN:188,(anonymous_4)
FN:197,(anonymous_5)
FN:204,(anonymous_6)
FN:214,(anonymous_7)
FN:222,(anonymous_8)
FN:239,(anonymous_9)
FN:244,(anonymous_10)
FN:275,(anonymous_11)
FN:279,(anonymous_12)
FN:287,(anonymous_13)
FN:310,(anonymous_14)
FN:314,(anonymous_15)
FN:322,(anonymous_16)
FN:345,(anonymous_17)
FN:349,(anonymous_18)
FN:357,(anonymous_19)
FN:380,(anonymous_20)
FN:384,(anonymous_21)
FN:392,(anonymous_22)
FN:432,(anonymous_23)
FNF:24
FNH:0
FNDA:0,App
FNDA:0,(anonymous_1)
FNDA:0,(anonymous_2)
FNDA:0,(anonymous_3)
FNDA:0,(anonymous_4)
FNDA:0,(anonymous_5)
FNDA:0,(anonymous_6)
FNDA:0,(anonymous_7)
FNDA:0,(anonymous_8)
FNDA:0,(anonymous_9)
FNDA:0,(anonymous_10)
FNDA:0,(anonymous_11)
FNDA:0,(anonymous_12)
FNDA:0,(anonymous_13)
FNDA:0,(anonymous_14)
FNDA:0,(anonymous_15)
FNDA:0,(anonymous_16)
FNDA:0,(anonymous_17)
FNDA:0,(anonymous_18)
FNDA:0,(anonymous_19)
FNDA:0,(anonymous_20)
FNDA:0,(anonymous_21)
FNDA:0,(anonymous_22)
FNDA:0,(anonymous_23)
DA:12,0
DA:39,0
DA:74,0
DA:75,0
DA:76,0
DA:77,0
DA:78,0
DA:79,0
DA:81,0
DA:82,0
DA:83,0
DA:84,0
DA:86,0
DA:88,0
DA:91,0
DA:94,0
DA:164,0
DA:189,0
DA:190,0
DA:198,0
DA:205,0
DA:215,0
DA:223,0
DA:240,0
DA:245,0
DA:246,0
DA:248,0
DA:276,0
DA:280,0
DA:281,0
DA:282,0
DA:283,0
DA:284,0
DA:288,0
DA:289,0
DA:311,0
DA:315,0
DA:316,0
DA:317,0
DA:318,0
DA:319,0
DA:323,0
DA:324,0
DA:346,0
DA:350,0
DA:351,0
DA:352,0
DA:353,0
DA:354,0
DA:358,0
DA:359,0
DA:381,0
DA:385,0
DA:386,0
DA:387,0
DA:388,0
DA:389,0
DA:393,0
DA:394,0
DA:433,0
LF:60
LH:0
BRDA:83,0,0,0
BRDA:83,0,1,0
BRDA:245,1,0,0
BRDA:245,1,1,0
BRDA:280,2,0,0
BRDA:280,2,1,0
BRDA:280,3,0,0
BRDA:280,3,1,0
BRDA:283,4,0,0
BRDA:283,4,1,0
BRDA:292,5,0,0
BRDA:292,5,1,0
BRDA:293,6,0,0
BRDA:293,6,1,0
BRDA:315,7,0,0
BRDA:315,7,1,0
BRDA:315,8,0,0
BRDA:315,8,1,0
BRDA:318,9,0,0
BRDA:318,9,1,0
BRDA:327,10,0,0
BRDA:327,10,1,0
BRDA:328,11,0,0
BRDA:328,11,1,0
BRDA:350,12,0,0
BRDA:350,12,1,0
BRDA:350,13,0,0
BRDA:350,13,1,0
BRDA:353,14,0,0
BRDA:353,14,1,0
BRDA:362,15,0,0
BRDA:362,15,1,0
BRDA:363,16,0,0
BRDA:363,16,1,0
BRDA:385,17,0,0
BRDA:385,17,1,0
BRDA:385,18,0,0
BRDA:385,18,1,0
BRDA:388,19,0,0
BRDA:388,19,1,0
BRDA:397,20,0,0
BRDA:397,20,1,0
BRDA:398,21,0,0
BRDA:398,21,1,0
BRF:44
BRH:0
end_of_record
TN:
SF:src\CONSTANTS.ts
FNF:0
FNH:0
DA:1,2
DA:9,2
LF:2
LH:2
BRF:0
BRH:0
end_of_record
TN:
SF:src\index.tsx
FNF:0
FNH:0
DA:7,0
DA:17,0
LF:2
LH:0
BRF:0
BRH:0
end_of_record
TN:
SF:src\reportWebVitals.ts
FN:3,(anonymous_0)
FN:5,(anonymous_1)
FNF:2
FNH:0
FNDA:0,(anonymous_0)
FNDA:0,(anonymous_1)
DA:3,0
DA:4,0
DA:5,0
DA:6,0
DA:7,0
DA:8,0
DA:9,0
DA:10,0
LF:8
LH:0
BRDA:4,0,0,0
BRDA:4,0,1,0
BRDA:4,1,0,0
BRDA:4,1,1,0
BRF:4
BRH:0
end_of_record
TN:
SF:src\components\Accordion.tsx
FN:5,(anonymous_0)
FN:23,AccordionItem
FN:39,(anonymous_2)
FN:45,(anonymous_3)
FN:60,(anonymous_4)
FNF:5
FNH:5
FNDA:2,(anonymous_0)
FNDA:2,AccordionItem
FNDA:2,(anonymous_2)
FNDA:2,(anonymous_3)
FNDA:1,(anonymous_4)
DA:4,1
DA:5,2
DA:10,1
DA:34,2
DA:35,2
DA:36,2
DA:37,2
DA:39,2
DA:40,2
DA:41,2
DA:45,2
DA:46,2
DA:47,2
DA:51,2
DA:60,1
LF:15
LH:15
BRDA:40,0,0,2
BRDA:40,0,1,0
BRDA:46,1,0,2
BRDA:46,1,1,0
BRDA:55,2,0,0
BRDA:55,2,1,2
BRDA:63,3,0,0
BRDA:63,3,1,2
BRF:8
BRH:4
end_of_record
TN:
SF:src\components\Badge.tsx
FN:9,(anonymous_0)
FN:12,(anonymous_1)
FN:14,(anonymous_2)
FN:16,(anonymous_3)
FN:18,(anonymous_4)
FN:25,(anonymous_5)
FN:38,(anonymous_6)
FN:63,(anonymous_7)
FNF:8
FNH:0
FNDA:0,(anonymous_0)
FNDA:0,(anonymous_1)
FNDA:0,(anonymous_2)
FNDA:0,(anonymous_3)
FNDA:0,(anonymous_4)
FNDA:0,(anonymous_5)
FNDA:0,(anonymous_6)
FNDA:0,(anonymous_7)
DA:6,0
DA:9,0
DA:12,0
DA:14,0
DA:16,0
DA:19,0
DA:26,0
DA:27,0
DA:32,0
DA:39,0
DA:40,0
DA:41,0
DA:50,0
DA:63,0
DA:69,0
LF:15
LH:0
BRDA:9,0,0,0
BRDA:9,0,1,0
BRDA:12,1,0,0
BRDA:12,1,1,0
BRDA:14,2,0,0
BRDA:14,2,1,0
BRDA:16,3,0,0
BRDA:16,3,1,0
BRDA:19,4,0,0
BRDA:19,4,1,0
BRDA:26,5,0,0
BRDA:26,5,1,0
BRDA:39,6,0,0
BRDA:39,6,1,0
BRDA:40,7,0,0
BRDA:40,7,1,0
BRF:16
BRH:0
end_of_record
TN:
SF:src\components\Button.tsx
FN:9,(anonymous_0)
FN:10,(anonymous_1)
FN:11,(anonymous_2)
FN:64,(anonymous_3)
FN:71,(anonymous_4)
FN:77,(anonymous_5)
FN:78,(anonymous_6)
FN:79,(anonymous_7)
FN:81,(anonymous_8)
FN:84,(anonymous_9)
FN:99,(anonymous_10)
FNF:11
FNH:11
FNDA:10,(anonymous_0)
FNDA:10,(anonymous_1)
FNDA:10,(anonymous_2)
FNDA:10,(anonymous_3)
FNDA:10,(anonymous_4)
FNDA:10,(anonymous_5)
FNDA:10,(anonymous_6)
FNDA:10,(anonymous_7)
FNDA:10,(anonymous_8)
FNDA:10,(anonymous_9)
FNDA:10,(anonymous_10)
DA:6,1
DA:9,10
DA:10,10
DA:12,10
DA:13,0
DA:17,10
DA:18,1
DA:22,9
DA:23,1
DA:28,8
DA:29,1
DA:34,7
DA:35,1
DA:40,6
DA:41,1
DA:46,5
DA:47,1
DA:51,4
DA:52,1
DA:57,3
DA:65,10
DA:72,10
DA:77,10
DA:78,10
DA:79,10
DA:81,10
DA:85,10
DA:91,4
DA:99,1
DA:105,10
LF:30
LH:29
BRDA:9,0,0,10
BRDA:9,0,1,10
BRDA:10,1,0,10
BRDA:10,1,1,10
BRDA:12,2,0,0
BRDA:12,2,1,10
BRDA:15,3,0,0
BRDA:15,3,1,0
BRDA:17,4,0,1
BRDA:17,4,1,9
BRDA:20,5,0,1
BRDA:20,5,1,1
BRDA:22,6,0,1
BRDA:22,6,1,8
BRDA:25,7,0,1
BRDA:25,7,1,1
BRDA:26,8,0,1
BRDA:26,8,1,1
BRDA:28,9,0,1
BRDA:28,9,1,7
BRDA:31,10,0,1
BRDA:31,10,1,1
BRDA:32,11,0,1
BRDA:32,11,1,1
BRDA:34,12,0,1
BRDA:34,12,1,6
BRDA:37,13,0,1
BRDA:37,13,1,1
BRDA:38,14,0,1
BRDA:38,14,1,1
BRDA:40,15,0,1
BRDA:40,15,1,5
BRDA:43,16,0,1
BRDA:43,16,1,1
BRDA:44,17,0,1
BRDA:44,17,1,1
BRDA:46,18,0,1
BRDA:46,18,1,4
BRDA:49,19,0,1
BRDA:49,19,1,1
BRDA:51,20,0,1
BRDA:51,20,1,3
BRDA:54,21,0,1
BRDA:54,21,1,1
BRDA:59,22,0,3
BRDA:59,22,1,3
BRDA:65,23,0,0
BRDA:65,23,1,10
BRDA:67,24,0,0
BRDA:67,24,1,10
BRDA:67,25,0,10
BRDA:67,25,1,0
BRDA:72,26,0,0
BRDA:72,26,1,10
BRDA:74,27,0,0
BRDA:74,27,1,10
BRDA:77,28,0,0
BRDA:77,28,1,10
BRDA:78,29,0,0
BRDA:78,29,1,10
BRDA:79,30,0,10
BRDA:79,30,1,10
BRDA:81,31,0,0
BRDA:81,31,1,10
BRDA:85,32,0,4
BRDA:85,32,1,6
BRDA:86,33,0,10
BRDA:86,33,1,9
BRDA:86,33,2,8
BRDA:86,33,3,7
BRF:70
BRH:59
end_of_record
TN:
SF:src\components\Checkbox.tsx
FN:14,(anonymous_0)
FN:23,(anonymous_1)
FN:25,(anonymous_2)
FN:37,(anonymous_3)
FN:39,(anonymous_4)
FN:43,(anonymous_5)
FN:51,(anonymous_6)
FN:56,(anonymous_7)
FN:66,(anonymous_8)
FN:68,(anonymous_9)
FN:89,(anonymous_10)
FN:102,Checkbox
FN:124,(anonymous_12)
FN:136,(anonymous_13)
FN:138,(anonymous_14)
FNF:15
FNH:7
FNDA:0,(anonymous_0)
FNDA:0,(anonymous_1)
FNDA:0,(anonymous_2)
FNDA:0,(anonymous_3)
FNDA:0,(anonymous_4)
FNDA:0,(anonymous_5)
FNDA:5,(anonymous_6)
FNDA:5,(anonymous_7)
FNDA:5,(anonymous_8)
FNDA:5,(anonymous_9)
FNDA:5,(anonymous_10)
FNDA:5,Checkbox
FNDA:0,(anonymous_12)
FNDA:0,(anonymous_13)
FNDA:2,(anonymous_14)
DA:6,1
DA:12,1
DA:14,0
DA:24,0
DA:26,0
DA:38,0
DA:39,0
DA:43,0
DA:47,1
DA:51,5
DA:57,5
DA:66,5
DA:69,5
DA:70,5
DA:89,5
DA:92,1
DA:117,5
DA:118,5
DA:139,2
DA:140,2
LF:20
LH:14
BRDA:14,0,0,0
BRDA:14,0,1,0
BRDA:24,1,0,0
BRDA:24,1,1,0
BRDA:24,2,0,0
BRDA:24,2,1,0
BRDA:26,3,0,0
BRDA:26,3,1,0
BRDA:26,4,0,0
BRDA:26,4,1,0
BRDA:38,5,0,0
BRDA:38,5,1,0
BRDA:38,6,0,0
BRDA:38,6,1,0
BRDA:39,7,0,0
BRDA:39,7,1,0
BRDA:43,8,0,0
BRDA:43,8,1,0
BRDA:51,9,0,0
BRDA:51,9,1,5
BRDA:58,10,0,5
BRDA:58,10,1,0
BRDA:66,11,0,0
BRDA:66,11,1,5
BRDA:69,12,0,5
BRDA:69,12,1,0
BRDA:72,13,0,0
BRDA:72,13,1,5
BRDA:89,14,0,0
BRDA:89,14,1,5
BRDA:104,15,0,0
BRDA:106,16,0,5
BRDA:117,17,0,0
BRDA:117,17,1,5
BRDA:124,18,0,5
BRDA:124,18,1,0
BRDA:136,19,0,5
BRDA:136,19,1,0
BRDA:139,20,0,2
BRDA:139,20,1,0
BRDA:139,21,0,2
BRDA:139,21,1,2
BRDA:139,21,2,1
BRF:43
BRH:14
end_of_record
TN:
SF:src\components\Dropdown.tsx
FN:15,(anonymous_0)
FN:16,(anonymous_1)
FN:51,(anonymous_2)
FN:53,(anonymous_3)
FN:57,Dropdown
FN:82,(anonymous_5)
FN:83,(anonymous_6)
FN:89,(anonymous_7)
FN:94,(anonymous_8)
FN:121,(anonymous_9)
FN:124,(anonymous_10)
FNF:11
FNH:0
FNDA:0,(anonymous_0)
FNDA:0,(anonymous_1)
FNDA:0,(anonymous_2)
FNDA:0,(anonymous_3)
FNDA:0,Dropdown
FNDA:0,(anonymous_5)
FNDA:0,(anonymous_6)
FNDA:0,(anonymous_7)
FNDA:0,(anonymous_8)
FNDA:0,(anonymous_9)
FNDA:0,(anonymous_10)
DA:6,0
DA:8,0
DA:15,0
DA:17,0
DA:19,0
DA:26,0
DA:33,0
DA:40,0
DA:47,0
DA:51,0
DA:53,0
DA:77,0
DA:78,0
DA:79,0
DA:80,0
DA:82,0
DA:83,0
DA:84,0
DA:85,0
DA:88,0
DA:89,0
DA:90,0
DA:94,0
DA:95,0
DA:96,0
DA:97,0
DA:101,0
DA:103,0
DA:122,0
DA:125,0
DA:126,0
LF:31
LH:0
BRDA:15,0,0,0
BRDA:15,0,1,0
BRDA:17,1,0,0
BRDA:17,1,1,0
BRDA:17,1,2,0
BRDA:17,1,3,0
BRDA:17,1,4,0
BRDA:51,2,0,0
BRDA:51,2,1,0
BRDA:53,3,0,0
BRDA:53,3,1,0
BRDA:62,4,0,0
BRDA:64,5,0,0
BRDA:84,6,0,0
BRDA:84,6,1,0
BRDA:84,7,0,0
BRDA:84,7,1,0
BRDA:95,8,0,0
BRDA:95,8,1,0
BRDA:101,9,0,0
BRDA:101,9,1,0
BRDA:108,10,0,0
BRDA:108,10,1,0
BRDA:119,11,0,0
BRDA:119,11,1,0
BRDA:125,12,0,0
BRDA:125,12,1,0
BRDA:140,13,0,0
BRDA:140,13,1,0
BRDA:140,14,0,0
BRDA:140,14,1,0
BRF:31
BRH:0
end_of_record
TN:
SF:src\components\Modal.tsx
FN:5,(anonymous_0)
FN:16,Modal
FN:25,(anonymous_2)
FN:32,(anonymous_3)
FN:38,(anonymous_4)
FNF:5
FNH:0
FNDA:0,(anonymous_0)
FNDA:0,Modal
FNDA:0,(anonymous_2)
FNDA:0,(anonymous_3)
FNDA:0,(anonymous_4)
DA:4,0
DA:5,0
DA:25,0
DA:26,0
DA:27,0
DA:29,0
DA:32,0
DA:33,0
DA:36,0
DA:39,0
DA:40,0
LF:11
LH:0
BRDA:5,0,0,0
BRDA:5,0,1,0
BRDA:26,1,0,0
BRDA:26,1,1,0
BRF:4
BRH:0
end_of_record
TN:
SF:src\components\Pagination.tsx
FN:3,Pagination
FN:12,(anonymous_1)
FN:19,(anonymous_2)
FN:23,(anonymous_3)
FN:27,(anonymous_4)
FN:32,(anonymous_5)
FN:50,(anonymous_6)
FN:71,(anonymous_7)
FN:103,(anonymous_8)
FN:141,(anonymous_9)
FN:169,(anonymous_10)
FN:232,(anonymous_11)
FNF:12
FNH:0
FNDA:0,Pagination
FNDA:0,(anonymous_1)
FNDA:0,(anonymous_2)
FNDA:0,(anonymous_3)
FNDA:0,(anonymous_4)
FNDA:0,(anonymous_5)
FNDA:0,(anonymous_6)
FNDA:0,(anonymous_7)
FNDA:0,(anonymous_8)
FNDA:0,(anonymous_9)
FNDA:0,(anonymous_10)
FNDA:0,(anonymous_11)
DA:10,0
DA:12,0
DA:14,0
DA:15,0
DA:19,0
DA:20,0
DA:23,0
DA:24,0
DA:27,0
DA:28,0
DA:29,0
DA:32,0
DA:50,0
DA:51,0
DA:52,0
DA:54,0
DA:55,0
DA:63,0
DA:64,0
DA:65,0
DA:67,0
DA:71,0
DA:72,0
DA:76,0
DA:83,0
DA:84,0
DA:91,0
DA:93,0
DA:97,0
DA:104,0
DA:105,0
DA:142,0
DA:143,0
DA:149,0
DA:150,0
DA:170,0
DA:171,0
DA:175,0
DA:176,0
DA:177,0
DA:181,0
DA:188,0
DA:192,0
DA:193,0
DA:196,0
DA:233,0
DA:234,0
LF:47
LH:0
BRDA:4,0,0,0
BRDA:5,1,0,0
BRDA:34,2,0,0
BRDA:34,2,1,0
BRDA:35,3,0,0
BRDA:35,3,1,0
BRDA:51,4,0,0
BRDA:51,4,1,0
BRDA:54,5,0,0
BRDA:54,5,1,0
BRDA:54,6,0,0
BRDA:54,6,1,0
BRDA:63,7,0,0
BRDA:63,7,1,0
BRDA:63,8,0,0
BRDA:63,8,1,0
BRDA:72,9,0,0
BRDA:72,9,1,0
BRDA:83,10,0,0
BRDA:83,10,1,0
BRDA:138,11,0,0
BRDA:138,11,1,0
BRDA:166,12,0,0
BRDA:166,12,1,0
BRDA:171,13,0,0
BRDA:171,13,1,0
BRF:26
BRH:0
end_of_record
TN:
SF:src\stories\Badge.stories.tsx
FN:23,(anonymous_0)
FNF:1
FNH:0
FNDA:0,(anonymous_0)
DA:23,0
DA:25,0
DA:27,0
LF:3
LH:0
BRF:0
BRH:0
end_of_record
TN:
SF:src\stories\Button.stories.tsx
FN:17,(anonymous_0)
FNF:1
FNH:0
FNDA:0,(anonymous_0)
DA:17,0
DA:19,0
DA:21,0
DA:26,0
DA:27,0
DA:31,0
DA:32,0
DA:37,0
DA:38,0
LF:9
LH:0
BRF:0
BRH:0
end_of_record
TN:
SF:src\stories\Button.tsx
FN:30,(anonymous_0)
FNF:1
FNH:0
FNDA:0,(anonymous_0)
DA:30,0
DA:37,0
DA:38,0
LF:3
LH:0
BRDA:31,0,0,0
BRDA:32,1,0,0
BRDA:37,2,0,0
BRDA:37,2,1,0
BRF:4
BRH:0
end_of_record
TN:
SF:src\stories\Checkbox.stories.tsx
FN:27,(anonymous_0)
FN:35,(anonymous_1)
FNF:2
FNH:0
FNDA:0,(anonymous_0)
FNDA:0,(anonymous_1)
DA:27,0
DA:28,0
DA:31,0
DA:33,0
DA:35,0
LF:5
LH:0
BRF:0
BRH:0
end_of_record
TN:
SF:src\stories\Dropdown.stories.tsx
FN:14,(anonymous_0)
FNF:1
FNH:0
FNDA:0,(anonymous_0)
DA:14,0
DA:15,0
DA:16,0
DA:24,0
DA:27,0
LF:5
LH:0
BRF:0
BRH:0
end_of_record
TN:
SF:src\stories\Header.stories.tsx
FN:15,(anonymous_0)
FNF:1
FNH:0
FNDA:0,(anonymous_0)
DA:15,0
DA:17,0
DA:18,0
DA:24,0
DA:25,0
LF:5
LH:0
BRF:0
BRH:0
end_of_record
TN:
SF:src\stories\Header.tsx
FN:17,(anonymous_0)
FNF:1
FNH:0
FNDA:0,(anonymous_0)
DA:17,0
DA:18,0
LF:2
LH:0
BRDA:40,0,0,0
BRDA:40,0,1,0
BRF:2
BRH:0
end_of_record
TN:
SF:src\stories\Modal.stories.tsx
FN:14,(anonymous_0)
FNF:1
FNH:0
FNDA:0,(anonymous_0)
DA:14,0
DA:15,0
DA:20,0
DA:22,0
LF:4
LH:0
BRF:0
BRH:0
end_of_record
TN:
SF:src\stories\MyButton.stories.tsx
FN:61,(anonymous_0)
FNF:1
FNH:1
FNDA:10,(anonymous_0)
DA:61,10
DA:63,1
DA:65,1
LF:3
LH:3
BRF:0
BRH:0
end_of_record
TN:
SF:src\stories\Page.stories.tsx
FN:15,(anonymous_0)
FN:22,(anonymous_1)
FNF:2
FNH:0
FNDA:0,(anonymous_0)
FNDA:0,(anonymous_1)
DA:15,0
DA:17,0
DA:19,0
DA:22,0
DA:23,0
DA:24,0
DA:25,0
LF:7
LH:0
BRF:0
BRH:0
end_of_record
TN:
SF:src\stories\Page.tsx
FN:10,(anonymous_0)
FN:17,(anonymous_1)
FN:18,(anonymous_2)
FN:19,(anonymous_3)
FNF:4
FNH:0
FNDA:0,(anonymous_0)
FNDA:0,(anonymous_1)
FNDA:0,(anonymous_2)
FNDA:0,(anonymous_3)
DA:10,0
DA:11,0
DA:13,0
DA:17,0
DA:18,0
DA:19,0
LF:6
LH:0
BRF:0
BRH:0
end_of_record
